Mensaje I / 00:00:00:000 / Root(00) para top(01)
Mensaje I / 00:00:00:000 / top(01) para a(02)
Mensaje D / 00:00:00:000 / a(02) / 00:00:00:000 para top(01)
Mensaje D / 00:00:00:000 / top(01) / 00:00:00:000 para Root(00)
Mensaje * / 00:00:00:000 / Root(00) para top(01)
Mensaje * / 00:00:00:000 / top(01) para a(02)
Mensaje D / 00:00:00:000 / a(02) / ... para top(01)
Mensaje D / 00:00:00:000 / top(01) / ... para Root(00)
Mensaje X / 00:00:00:001 / Root(00) / in1 /     13.00000 para top(01)
Mensaje X / 00:00:00:001 / top(01) / in1 /     13.00000 para a(02)
Mensaje D / 00:00:00:001 / a(02) / 00:00:00:000 para top(01)
Mensaje D / 00:00:00:001 / top(01) / 00:00:00:000 para Root(00)
Mensaje * / 00:00:00:001 / Root(00) para top(01)
Mensaje * / 00:00:00:001 / top(01) para a(02)
Mensaje D / 00:00:00:001 / a(02) / ... para top(01)
Mensaje D / 00:00:00:001 / top(01) / ... para Root(00)
Mensaje X / 00:00:00:002 / Root(00) / in1 /     14.00000 para top(01)
Mensaje X / 00:00:00:002 / top(01) / in1 /     14.00000 para a(02)
Mensaje D / 00:00:00:002 / a(02) / 00:00:00:000 para top(01)
Mensaje D / 00:00:00:002 / top(01) / 00:00:00:000 para Root(00)
Mensaje * / 00:00:00:002 / Root(00) para top(01)
Mensaje * / 00:00:00:002 / top(01) para a(02)
Mensaje D / 00:00:00:002 / a(02) / ... para top(01)
Mensaje D / 00:00:00:002 / top(01) / ... para Root(00)
Mensaje X / 00:00:00:003 / Root(00) / in1 /     12.00000 para top(01)
Mensaje X / 00:00:00:003 / top(01) / in1 /     12.00000 para a(02)
Mensaje D / 00:00:00:003 / a(02) / 00:00:00:000 para top(01)
Mensaje D / 00:00:00:003 / top(01) / 00:00:00:000 para Root(00)
Mensaje * / 00:00:00:003 / Root(00) para top(01)
Mensaje * / 00:00:00:003 / top(01) para a(02)
Mensaje D / 00:00:00:003 / a(02) / ... para top(01)
Mensaje D / 00:00:00:003 / top(01) / ... para Root(00)
Mensaje X / 00:00:00:004 / Root(00) / in1 /     15.00000 para top(01)
Mensaje X / 00:00:00:004 / top(01) / in1 /     15.00000 para a(02)
Mensaje D / 00:00:00:004 / a(02) / 00:00:00:000 para top(01)
Mensaje D / 00:00:00:004 / top(01) / 00:00:00:000 para Root(00)
Mensaje * / 00:00:00:004 / Root(00) para top(01)
Mensaje * / 00:00:00:004 / top(01) para a(02)
Mensaje D / 00:00:00:004 / a(02) / ... para top(01)
Mensaje D / 00:00:00:004 / top(01) / ... para Root(00)
Mensaje X / 00:00:00:005 / Root(00) / in1 /     13.00000 para top(01)
Mensaje X / 00:00:00:005 / top(01) / in1 /     13.00000 para a(02)
Mensaje D / 00:00:00:005 / a(02) / 00:00:00:000 para top(01)
Mensaje D / 00:00:00:005 / top(01) / 00:00:00:000 para Root(00)
Mensaje * / 00:00:00:005 / Root(00) para top(01)
Mensaje * / 00:00:00:005 / top(01) para a(02)
Mensaje D / 00:00:00:005 / a(02) / ... para top(01)
Mensaje D / 00:00:00:005 / top(01) / ... para Root(00)
Mensaje X / 00:00:00:006 / Root(00) / in1 /     12.00000 para top(01)
Mensaje X / 00:00:00:006 / top(01) / in1 /     12.00000 para a(02)
Mensaje D / 00:00:00:006 / a(02) / 00:00:00:000 para top(01)
Mensaje D / 00:00:00:006 / top(01) / 00:00:00:000 para Root(00)
Mensaje * / 00:00:00:006 / Root(00) para top(01)
Mensaje * / 00:00:00:006 / top(01) para a(02)
Mensaje D / 00:00:00:006 / a(02) / ... para top(01)
Mensaje D / 00:00:00:006 / top(01) / ... para Root(00)
Mensaje X / 00:00:00:007 / Root(00) / in1 /     11.00000 para top(01)
Mensaje X / 00:00:00:007 / top(01) / in1 /     11.00000 para a(02)
Mensaje D / 00:00:00:007 / a(02) / 00:00:00:000 para top(01)
Mensaje D / 00:00:00:007 / top(01) / 00:00:00:000 para Root(00)
Mensaje * / 00:00:00:007 / Root(00) para top(01)
Mensaje * / 00:00:00:007 / top(01) para a(02)
Mensaje D / 00:00:00:007 / a(02) / ... para top(01)
Mensaje D / 00:00:00:007 / top(01) / ... para Root(00)
Mensaje X / 00:00:00:008 / Root(00) / in1 /     12.00000 para top(01)
Mensaje X / 00:00:00:008 / top(01) / in1 /     12.00000 para a(02)
Mensaje D / 00:00:00:008 / a(02) / 00:00:00:000 para top(01)
Mensaje D / 00:00:00:008 / top(01) / 00:00:00:000 para Root(00)
Mensaje * / 00:00:00:008 / Root(00) para top(01)
Mensaje * / 00:00:00:008 / top(01) para a(02)
Mensaje D / 00:00:00:008 / a(02) / ... para top(01)
Mensaje D / 00:00:00:008 / top(01) / ... para Root(00)
Mensaje X / 00:00:00:009 / Root(00) / in1 /     12.00000 para top(01)
Mensaje X / 00:00:00:009 / top(01) / in1 /     12.00000 para a(02)
Mensaje D / 00:00:00:009 / a(02) / 00:00:00:000 para top(01)
Mensaje D / 00:00:00:009 / top(01) / 00:00:00:000 para Root(00)
Mensaje * / 00:00:00:009 / Root(00) para top(01)
Mensaje * / 00:00:00:009 / top(01) para a(02)
Mensaje D / 00:00:00:009 / a(02) / ... para top(01)
Mensaje D / 00:00:00:009 / top(01) / ... para Root(00)
Mensaje X / 00:00:00:010 / Root(00) / in1 /     12.00000 para top(01)
Mensaje X / 00:00:00:010 / top(01) / in1 /     12.00000 para a(02)
Mensaje D / 00:00:00:010 / a(02) / 00:00:00:000 para top(01)
Mensaje D / 00:00:00:010 / top(01) / 00:00:00:000 para Root(00)
Mensaje * / 00:00:00:010 / Root(00) para top(01)
Mensaje * / 00:00:00:010 / top(01) para a(02)
Mensaje D / 00:00:00:010 / a(02) / ... para top(01)
Mensaje D / 00:00:00:010 / top(01) / ... para Root(00)
Mensaje X / 00:01:00:000 / Root(00) / in2 /      1.00000 para top(01)
Mensaje X / 00:01:00:000 / top(01) / in2 /      1.00000 para a(02)
Mensaje D / 00:01:00:000 / a(02) / 00:00:00:000 para top(01)
Mensaje D / 00:01:00:000 / top(01) / 00:00:00:000 para Root(00)
Mensaje * / 00:01:00:000 / Root(00) para top(01)
Mensaje * / 00:01:00:000 / top(01) para a(02)
Mensaje Y / 00:01:00:000 / a(02) / out /    126.00000 para top(01)
Mensaje D / 00:01:00:000 / a(02) / ... para top(01)
Mensaje Y / 00:01:00:000 / top(01) / out /    126.00000 para Root(00)
Mensaje D / 00:01:00:000 / top(01) / ... para Root(00)
Mensaje X / 00:01:01:000 / Root(00) / in1 /     13.00000 para top(01)
Mensaje X / 00:01:01:000 / top(01) / in1 /     13.00000 para a(02)
Mensaje D / 00:01:01:000 / a(02) / 00:00:00:000 para top(01)
Mensaje D / 00:01:01:000 / top(01) / 00:00:00:000 para Root(00)
Mensaje X / 00:01:01:000 / Root(00) / in1 /     14.00000 para top(01)
Mensaje X / 00:01:01:000 / top(01) / in1 /     14.00000 para a(02)
Mensaje D / 00:01:01:000 / a(02) / 00:00:00:000 para top(01)
Mensaje D / 00:01:01:000 / top(01) / 00:00:00:000 para Root(00)
Mensaje X / 00:01:01:000 / Root(00) / in1 /     12.00000 para top(01)
Mensaje X / 00:01:01:000 / top(01) / in1 /     12.00000 para a(02)
Mensaje D / 00:01:01:000 / a(02) / 00:00:00:000 para top(01)
Mensaje D / 00:01:01:000 / top(01) / 00:00:00:000 para Root(00)
Mensaje * / 00:01:01:000 / Root(00) para top(01)
Mensaje * / 00:01:01:000 / top(01) para a(02)
Mensaje D / 00:01:01:000 / a(02) / ... para top(01)
Mensaje D / 00:01:01:000 / top(01) / ... para Root(00)
Mensaje X / 00:01:02:000 / Root(00) / in1 /     15.00000 para top(01)
Mensaje X / 00:01:02:000 / top(01) / in1 /     15.00000 para a(02)
Mensaje D / 00:01:02:000 / a(02) / 00:00:00:000 para top(01)
Mensaje D / 00:01:02:000 / top(01) / 00:00:00:000 para Root(00)
Mensaje X / 00:01:02:000 / Root(00) / in1 /     13.00000 para top(01)
Mensaje X / 00:01:02:000 / top(01) / in1 /     13.00000 para a(02)
Mensaje D / 00:01:02:000 / a(02) / 00:00:00:000 para top(01)
Mensaje D / 00:01:02:000 / top(01) / 00:00:00:000 para Root(00)
Mensaje * / 00:01:02:000 / Root(00) para top(01)
Mensaje * / 00:01:02:000 / top(01) para a(02)
Mensaje D / 00:01:02:000 / a(02) / ... para top(01)
Mensaje D / 00:01:02:000 / top(01) / ... para Root(00)
Mensaje X / 00:01:03:000 / Root(00) / in1 /     12.00000 para top(01)
Mensaje X / 00:01:03:000 / top(01) / in1 /     12.00000 para a(02)
Mensaje D / 00:01:03:000 / a(02) / 00:00:00:000 para top(01)
Mensaje D / 00:01:03:000 / top(01) / 00:00:00:000 para Root(00)
Mensaje X / 00:01:03:000 / Root(00) / in1 /     11.00000 para top(01)
Mensaje X / 00:01:03:000 / top(01) / in1 /     11.00000 para a(02)
Mensaje D / 00:01:03:000 / a(02) / 00:00:00:000 para top(01)
Mensaje D / 00:01:03:000 / top(01) / 00:00:00:000 para Root(00)
Mensaje * / 00:01:03:000 / Root(00) para top(01)
Mensaje * / 00:01:03:000 / top(01) para a(02)
Mensaje D / 00:01:03:000 / a(02) / ... para top(01)
Mensaje D / 00:01:03:000 / top(01) / ... para Root(00)
Mensaje X / 00:01:04:000 / Root(00) / in1 /     12.00000 para top(01)
Mensaje X / 00:01:04:000 / top(01) / in1 /     12.00000 para a(02)
Mensaje D / 00:01:04:000 / a(02) / 00:00:00:000 para top(01)
Mensaje D / 00:01:04:000 / top(01) / 00:00:00:000 para Root(00)
Mensaje * / 00:01:04:000 / Root(00) para top(01)
Mensaje * / 00:01:04:000 / top(01) para a(02)
Mensaje D / 00:01:04:000 / a(02) / ... para top(01)
Mensaje D / 00:01:04:000 / top(01) / ... para Root(00)
Mensaje X / 00:01:05:000 / Root(00) / in1 /     12.00000 para top(01)
Mensaje X / 00:01:05:000 / top(01) / in1 /     12.00000 para a(02)
Mensaje D / 00:01:05:000 / a(02) / 00:00:00:000 para top(01)
Mensaje D / 00:01:05:000 / top(01) / 00:00:00:000 para Root(00)
Mensaje * / 00:01:05:000 / Root(00) para top(01)
Mensaje * / 00:01:05:000 / top(01) para a(02)
Mensaje D / 00:01:05:000 / a(02) / ... para top(01)
Mensaje D / 00:01:05:000 / top(01) / ... para Root(00)
Mensaje X / 00:01:06:000 / Root(00) / in1 /     12.00000 para top(01)
Mensaje X / 00:01:06:000 / top(01) / in1 /     12.00000 para a(02)
Mensaje D / 00:01:06:000 / a(02) / 00:00:00:000 para top(01)
Mensaje D / 00:01:06:000 / top(01) / 00:00:00:000 para Root(00)
Mensaje * / 00:01:06:000 / Root(00) para top(01)
Mensaje * / 00:01:06:000 / top(01) para a(02)
Mensaje D / 00:01:06:000 / a(02) / ... para top(01)
Mensaje D / 00:01:06:000 / top(01) / ... para Root(00)
Mensaje X / 00:02:00:000 / Root(00) / in2 /      1.00000 para top(01)
Mensaje X / 00:02:00:000 / top(01) / in2 /      1.00000 para a(02)
Mensaje D / 00:02:00:000 / a(02) / 00:00:00:000 para top(01)
Mensaje D / 00:02:00:000 / top(01) / 00:00:00:000 para Root(00)
Mensaje * / 00:02:00:000 / Root(00) para top(01)
Mensaje * / 00:02:00:000 / top(01) para a(02)
Mensaje Y / 00:02:00:000 / a(02) / out /    126.00000 para top(01)
Mensaje D / 00:02:00:000 / a(02) / ... para top(01)
Mensaje Y / 00:02:00:000 / top(01) / out /    126.00000 para Root(00)
Mensaje D / 00:02:00:000 / top(01) / ... para Root(00)
