Mensaje I / 00:00:00:000 / Root(00) para top(01)
Mensaje I / 00:00:00:000 / top(01) para c(02)
Mensaje D / 00:00:00:000 / c(02) / 00:00:00:000 para top(01)
Mensaje D / 00:00:00:000 / top(01) / 00:00:00:000 para Root(00)
Mensaje * / 00:00:00:000 / Root(00) para top(01)
Mensaje * / 00:00:00:000 / top(01) para c(02)
Mensaje D / 00:00:00:000 / c(02) / ... para top(01)
Mensaje D / 00:00:00:000 / top(01) / ... para Root(00)
Mensaje X / 00:01:00:000 / Root(00) / in1 /    125.00000 para top(01)
Mensaje X / 00:01:00:000 / top(01) / in1 /    125.00000 para c(02)
Mensaje D / 00:01:00:000 / c(02) / 00:00:00:000 para top(01)
Mensaje D / 00:01:00:000 / top(01) / 00:00:00:000 para Root(00)
Mensaje * / 00:01:00:000 / Root(00) para top(01)
Mensaje * / 00:01:00:000 / top(01) para c(02)
Mensaje D / 00:01:00:000 / c(02) / ... para top(01)
Mensaje D / 00:01:00:000 / top(01) / ... para Root(00)
Mensaje X / 00:02:00:000 / Root(00) / in1 /    130.00000 para top(01)
Mensaje X / 00:02:00:000 / top(01) / in1 /    130.00000 para c(02)
Mensaje D / 00:02:00:000 / c(02) / 00:00:00:000 para top(01)
Mensaje D / 00:02:00:000 / top(01) / 00:00:00:000 para Root(00)
Mensaje * / 00:02:00:000 / Root(00) para top(01)
Mensaje * / 00:02:00:000 / top(01) para c(02)
Mensaje D / 00:02:00:000 / c(02) / ... para top(01)
Mensaje D / 00:02:00:000 / top(01) / ... para Root(00)
Mensaje X / 00:03:00:000 / Root(00) / in1 /    132.00000 para top(01)
Mensaje X / 00:03:00:000 / top(01) / in1 /    132.00000 para c(02)
Mensaje D / 00:03:00:000 / c(02) / 00:00:00:000 para top(01)
Mensaje D / 00:03:00:000 / top(01) / 00:00:00:000 para Root(00)
Mensaje * / 00:03:00:000 / Root(00) para top(01)
Mensaje * / 00:03:00:000 / top(01) para c(02)
Mensaje D / 00:03:00:000 / c(02) / ... para top(01)
Mensaje D / 00:03:00:000 / top(01) / ... para Root(00)
Mensaje X / 00:04:00:000 / Root(00) / in1 /    134.00000 para top(01)
Mensaje X / 00:04:00:000 / top(01) / in1 /    134.00000 para c(02)
Mensaje D / 00:04:00:000 / c(02) / 00:00:00:000 para top(01)
Mensaje D / 00:04:00:000 / top(01) / 00:00:00:000 para Root(00)
Mensaje * / 00:04:00:000 / Root(00) para top(01)
Mensaje * / 00:04:00:000 / top(01) para c(02)
Mensaje D / 00:04:00:000 / c(02) / ... para top(01)
Mensaje D / 00:04:00:000 / top(01) / ... para Root(00)
Mensaje X / 00:05:00:000 / Root(00) / in1 /    126.00000 para top(01)
Mensaje X / 00:05:00:000 / top(01) / in1 /    126.00000 para c(02)
Mensaje D / 00:05:00:000 / c(02) / 00:00:00:000 para top(01)
Mensaje D / 00:05:00:000 / top(01) / 00:00:00:000 para Root(00)
Mensaje * / 00:05:00:000 / Root(00) para top(01)
Mensaje * / 00:05:00:000 / top(01) para c(02)
Mensaje D / 00:05:00:000 / c(02) / ... para top(01)
Mensaje D / 00:05:00:000 / top(01) / ... para Root(00)
Mensaje X / 00:06:00:000 / Root(00) / in1 /    125.00000 para top(01)
Mensaje X / 00:06:00:000 / top(01) / in1 /    125.00000 para c(02)
Mensaje D / 00:06:00:000 / c(02) / 00:00:00:000 para top(01)
Mensaje D / 00:06:00:000 / top(01) / 00:00:00:000 para Root(00)
Mensaje * / 00:06:00:000 / Root(00) para top(01)
Mensaje * / 00:06:00:000 / top(01) para c(02)
Mensaje D / 00:06:00:000 / c(02) / ... para top(01)
Mensaje D / 00:06:00:000 / top(01) / ... para Root(00)
Mensaje X / 00:07:00:000 / Root(00) / in1 /    130.00000 para top(01)
Mensaje X / 00:07:00:000 / top(01) / in1 /    130.00000 para c(02)
Mensaje D / 00:07:00:000 / c(02) / 00:00:00:000 para top(01)
Mensaje D / 00:07:00:000 / top(01) / 00:00:00:000 para Root(00)
Mensaje * / 00:07:00:000 / Root(00) para top(01)
Mensaje * / 00:07:00:000 / top(01) para c(02)
Mensaje D / 00:07:00:000 / c(02) / ... para top(01)
Mensaje D / 00:07:00:000 / top(01) / ... para Root(00)
Mensaje X / 00:08:00:000 / Root(00) / in1 /    132.00000 para top(01)
Mensaje X / 00:08:00:000 / top(01) / in1 /    132.00000 para c(02)
Mensaje D / 00:08:00:000 / c(02) / 00:00:00:000 para top(01)
Mensaje D / 00:08:00:000 / top(01) / 00:00:00:000 para Root(00)
Mensaje * / 00:08:00:000 / Root(00) para top(01)
Mensaje * / 00:08:00:000 / top(01) para c(02)
Mensaje D / 00:08:00:000 / c(02) / ... para top(01)
Mensaje D / 00:08:00:000 / top(01) / ... para Root(00)
Mensaje X / 00:09:00:000 / Root(00) / in1 /    134.00000 para top(01)
Mensaje X / 00:09:00:000 / top(01) / in1 /    134.00000 para c(02)
Mensaje D / 00:09:00:000 / c(02) / 00:00:00:000 para top(01)
Mensaje D / 00:09:00:000 / top(01) / 00:00:00:000 para Root(00)
Mensaje * / 00:09:00:000 / Root(00) para top(01)
Mensaje * / 00:09:00:000 / top(01) para c(02)
Mensaje D / 00:09:00:000 / c(02) / ... para top(01)
Mensaje D / 00:09:00:000 / top(01) / ... para Root(00)
Mensaje X / 00:10:00:000 / Root(00) / in1 /    126.00000 para top(01)
Mensaje X / 00:10:00:000 / top(01) / in1 /    126.00000 para c(02)
Mensaje D / 00:10:00:000 / c(02) / 00:00:00:000 para top(01)
Mensaje D / 00:10:00:000 / top(01) / 00:00:00:000 para Root(00)
Mensaje * / 00:10:00:000 / Root(00) para top(01)
Mensaje * / 00:10:00:000 / top(01) para c(02)
Mensaje D / 00:10:00:000 / c(02) / ... para top(01)
Mensaje D / 00:10:00:000 / top(01) / ... para Root(00)
Mensaje X / 00:11:00:000 / Root(00) / in1 /    125.00000 para top(01)
Mensaje X / 00:11:00:000 / top(01) / in1 /    125.00000 para c(02)
Mensaje D / 00:11:00:000 / c(02) / 00:00:00:000 para top(01)
Mensaje D / 00:11:00:000 / top(01) / 00:00:00:000 para Root(00)
Mensaje * / 00:11:00:000 / Root(00) para top(01)
Mensaje * / 00:11:00:000 / top(01) para c(02)
Mensaje D / 00:11:00:000 / c(02) / ... para top(01)
Mensaje D / 00:11:00:000 / top(01) / ... para Root(00)
Mensaje X / 00:12:00:000 / Root(00) / in1 /    130.00000 para top(01)
Mensaje X / 00:12:00:000 / top(01) / in1 /    130.00000 para c(02)
Mensaje D / 00:12:00:000 / c(02) / 00:00:00:000 para top(01)
Mensaje D / 00:12:00:000 / top(01) / 00:00:00:000 para Root(00)
Mensaje * / 00:12:00:000 / Root(00) para top(01)
Mensaje * / 00:12:00:000 / top(01) para c(02)
Mensaje D / 00:12:00:000 / c(02) / ... para top(01)
Mensaje D / 00:12:00:000 / top(01) / ... para Root(00)
Mensaje X / 00:13:00:000 / Root(00) / in1 /    132.00000 para top(01)
Mensaje X / 00:13:00:000 / top(01) / in1 /    132.00000 para c(02)
Mensaje D / 00:13:00:000 / c(02) / 00:00:00:000 para top(01)
Mensaje D / 00:13:00:000 / top(01) / 00:00:00:000 para Root(00)
Mensaje * / 00:13:00:000 / Root(00) para top(01)
Mensaje * / 00:13:00:000 / top(01) para c(02)
Mensaje D / 00:13:00:000 / c(02) / ... para top(01)
Mensaje D / 00:13:00:000 / top(01) / ... para Root(00)
Mensaje X / 00:14:00:000 / Root(00) / in1 /    134.00000 para top(01)
Mensaje X / 00:14:00:000 / top(01) / in1 /    134.00000 para c(02)
Mensaje D / 00:14:00:000 / c(02) / 00:00:00:000 para top(01)
Mensaje D / 00:14:00:000 / top(01) / 00:00:00:000 para Root(00)
Mensaje * / 00:14:00:000 / Root(00) para top(01)
Mensaje * / 00:14:00:000 / top(01) para c(02)
Mensaje D / 00:14:00:000 / c(02) / ... para top(01)
Mensaje D / 00:14:00:000 / top(01) / ... para Root(00)
Mensaje X / 00:15:00:000 / Root(00) / in1 /    126.00000 para top(01)
Mensaje X / 00:15:00:000 / top(01) / in1 /    126.00000 para c(02)
Mensaje D / 00:15:00:000 / c(02) / 00:00:00:000 para top(01)
Mensaje D / 00:15:00:000 / top(01) / 00:00:00:000 para Root(00)
Mensaje * / 00:15:00:000 / Root(00) para top(01)
Mensaje * / 00:15:00:000 / top(01) para c(02)
Mensaje D / 00:15:00:000 / c(02) / ... para top(01)
Mensaje D / 00:15:00:000 / top(01) / ... para Root(00)
Mensaje X / 00:16:00:000 / Root(00) / in1 /    125.00000 para top(01)
Mensaje X / 00:16:00:000 / top(01) / in1 /    125.00000 para c(02)
Mensaje D / 00:16:00:000 / c(02) / 00:00:00:000 para top(01)
Mensaje D / 00:16:00:000 / top(01) / 00:00:00:000 para Root(00)
Mensaje * / 00:16:00:000 / Root(00) para top(01)
Mensaje * / 00:16:00:000 / top(01) para c(02)
Mensaje D / 00:16:00:000 / c(02) / ... para top(01)
Mensaje D / 00:16:00:000 / top(01) / ... para Root(00)
Mensaje X / 00:17:00:000 / Root(00) / in1 /    130.00000 para top(01)
Mensaje X / 00:17:00:000 / top(01) / in1 /    130.00000 para c(02)
Mensaje D / 00:17:00:000 / c(02) / 00:00:00:000 para top(01)
Mensaje D / 00:17:00:000 / top(01) / 00:00:00:000 para Root(00)
Mensaje * / 00:17:00:000 / Root(00) para top(01)
Mensaje * / 00:17:00:000 / top(01) para c(02)
Mensaje D / 00:17:00:000 / c(02) / ... para top(01)
Mensaje D / 00:17:00:000 / top(01) / ... para Root(00)
Mensaje X / 00:18:00:000 / Root(00) / in1 /    132.00000 para top(01)
Mensaje X / 00:18:00:000 / top(01) / in1 /    132.00000 para c(02)
Mensaje D / 00:18:00:000 / c(02) / 00:00:00:000 para top(01)
Mensaje D / 00:18:00:000 / top(01) / 00:00:00:000 para Root(00)
Mensaje * / 00:18:00:000 / Root(00) para top(01)
Mensaje * / 00:18:00:000 / top(01) para c(02)
Mensaje D / 00:18:00:000 / c(02) / ... para top(01)
Mensaje D / 00:18:00:000 / top(01) / ... para Root(00)
Mensaje X / 00:19:00:000 / Root(00) / in1 /    134.00000 para top(01)
Mensaje X / 00:19:00:000 / top(01) / in1 /    134.00000 para c(02)
Mensaje D / 00:19:00:000 / c(02) / 00:00:00:000 para top(01)
Mensaje D / 00:19:00:000 / top(01) / 00:00:00:000 para Root(00)
Mensaje * / 00:19:00:000 / Root(00) para top(01)
Mensaje * / 00:19:00:000 / top(01) para c(02)
Mensaje D / 00:19:00:000 / c(02) / ... para top(01)
Mensaje D / 00:19:00:000 / top(01) / ... para Root(00)
Mensaje X / 00:20:00:000 / Root(00) / in1 /    126.00000 para top(01)
Mensaje X / 00:20:00:000 / top(01) / in1 /    126.00000 para c(02)
Mensaje D / 00:20:00:000 / c(02) / 00:00:00:000 para top(01)
Mensaje D / 00:20:00:000 / top(01) / 00:00:00:000 para Root(00)
Mensaje * / 00:20:00:000 / Root(00) para top(01)
Mensaje * / 00:20:00:000 / top(01) para c(02)
Mensaje D / 00:20:00:000 / c(02) / ... para top(01)
Mensaje D / 00:20:00:000 / top(01) / ... para Root(00)
Mensaje X / 00:21:00:000 / Root(00) / in1 /    125.00000 para top(01)
Mensaje X / 00:21:00:000 / top(01) / in1 /    125.00000 para c(02)
Mensaje D / 00:21:00:000 / c(02) / 00:00:00:000 para top(01)
Mensaje D / 00:21:00:000 / top(01) / 00:00:00:000 para Root(00)
Mensaje * / 00:21:00:000 / Root(00) para top(01)
Mensaje * / 00:21:00:000 / top(01) para c(02)
Mensaje D / 00:21:00:000 / c(02) / ... para top(01)
Mensaje D / 00:21:00:000 / top(01) / ... para Root(00)
Mensaje X / 00:22:00:000 / Root(00) / in1 /    130.00000 para top(01)
Mensaje X / 00:22:00:000 / top(01) / in1 /    130.00000 para c(02)
Mensaje D / 00:22:00:000 / c(02) / 00:00:00:000 para top(01)
Mensaje D / 00:22:00:000 / top(01) / 00:00:00:000 para Root(00)
Mensaje * / 00:22:00:000 / Root(00) para top(01)
Mensaje * / 00:22:00:000 / top(01) para c(02)
Mensaje D / 00:22:00:000 / c(02) / ... para top(01)
Mensaje D / 00:22:00:000 / top(01) / ... para Root(00)
Mensaje X / 00:23:00:000 / Root(00) / in1 /    132.00000 para top(01)
Mensaje X / 00:23:00:000 / top(01) / in1 /    132.00000 para c(02)
Mensaje D / 00:23:00:000 / c(02) / 00:00:00:000 para top(01)
Mensaje D / 00:23:00:000 / top(01) / 00:00:00:000 para Root(00)
Mensaje * / 00:23:00:000 / Root(00) para top(01)
Mensaje * / 00:23:00:000 / top(01) para c(02)
Mensaje D / 00:23:00:000 / c(02) / ... para top(01)
Mensaje D / 00:23:00:000 / top(01) / ... para Root(00)
Mensaje X / 00:24:00:000 / Root(00) / in1 /    134.00000 para top(01)
Mensaje X / 00:24:00:000 / top(01) / in1 /    134.00000 para c(02)
Mensaje D / 00:24:00:000 / c(02) / 00:00:00:000 para top(01)
Mensaje D / 00:24:00:000 / top(01) / 00:00:00:000 para Root(00)
Mensaje * / 00:24:00:000 / Root(00) para top(01)
Mensaje * / 00:24:00:000 / top(01) para c(02)
Mensaje D / 00:24:00:000 / c(02) / ... para top(01)
Mensaje D / 00:24:00:000 / top(01) / ... para Root(00)
Mensaje X / 00:25:00:000 / Root(00) / in1 /    126.00000 para top(01)
Mensaje X / 00:25:00:000 / top(01) / in1 /    126.00000 para c(02)
Mensaje D / 00:25:00:000 / c(02) / 00:00:00:000 para top(01)
Mensaje D / 00:25:00:000 / top(01) / 00:00:00:000 para Root(00)
Mensaje * / 00:25:00:000 / Root(00) para top(01)
Mensaje * / 00:25:00:000 / top(01) para c(02)
Mensaje D / 00:25:00:000 / c(02) / ... para top(01)
Mensaje D / 00:25:00:000 / top(01) / ... para Root(00)
Mensaje X / 00:26:00:000 / Root(00) / in1 /    125.00000 para top(01)
Mensaje X / 00:26:00:000 / top(01) / in1 /    125.00000 para c(02)
Mensaje D / 00:26:00:000 / c(02) / 00:00:00:000 para top(01)
Mensaje D / 00:26:00:000 / top(01) / 00:00:00:000 para Root(00)
Mensaje * / 00:26:00:000 / Root(00) para top(01)
Mensaje * / 00:26:00:000 / top(01) para c(02)
Mensaje D / 00:26:00:000 / c(02) / ... para top(01)
Mensaje D / 00:26:00:000 / top(01) / ... para Root(00)
Mensaje X / 00:27:00:000 / Root(00) / in1 /    130.00000 para top(01)
Mensaje X / 00:27:00:000 / top(01) / in1 /    130.00000 para c(02)
Mensaje D / 00:27:00:000 / c(02) / 00:00:00:000 para top(01)
Mensaje D / 00:27:00:000 / top(01) / 00:00:00:000 para Root(00)
Mensaje * / 00:27:00:000 / Root(00) para top(01)
Mensaje * / 00:27:00:000 / top(01) para c(02)
Mensaje D / 00:27:00:000 / c(02) / ... para top(01)
Mensaje D / 00:27:00:000 / top(01) / ... para Root(00)
Mensaje X / 00:28:00:000 / Root(00) / in1 /    132.00000 para top(01)
Mensaje X / 00:28:00:000 / top(01) / in1 /    132.00000 para c(02)
Mensaje D / 00:28:00:000 / c(02) / 00:00:00:000 para top(01)
Mensaje D / 00:28:00:000 / top(01) / 00:00:00:000 para Root(00)
Mensaje * / 00:28:00:000 / Root(00) para top(01)
Mensaje * / 00:28:00:000 / top(01) para c(02)
Mensaje D / 00:28:00:000 / c(02) / ... para top(01)
Mensaje D / 00:28:00:000 / top(01) / ... para Root(00)
Mensaje X / 00:29:00:000 / Root(00) / in1 /    134.00000 para top(01)
Mensaje X / 00:29:00:000 / top(01) / in1 /    134.00000 para c(02)
Mensaje D / 00:29:00:000 / c(02) / 00:00:00:000 para top(01)
Mensaje D / 00:29:00:000 / top(01) / 00:00:00:000 para Root(00)
Mensaje * / 00:29:00:000 / Root(00) para top(01)
Mensaje * / 00:29:00:000 / top(01) para c(02)
Mensaje D / 00:29:00:000 / c(02) / ... para top(01)
Mensaje D / 00:29:00:000 / top(01) / ... para Root(00)
Mensaje X / 00:30:00:000 / Root(00) / in1 /    126.00000 para top(01)
Mensaje X / 00:30:00:000 / top(01) / in1 /    126.00000 para c(02)
Mensaje D / 00:30:00:000 / c(02) / 00:00:00:000 para top(01)
Mensaje D / 00:30:00:000 / top(01) / 00:00:00:000 para Root(00)
Mensaje * / 00:30:00:000 / Root(00) para top(01)
Mensaje * / 00:30:00:000 / top(01) para c(02)
Mensaje D / 00:30:00:000 / c(02) / ... para top(01)
Mensaje D / 00:30:00:000 / top(01) / ... para Root(00)
Mensaje X / 00:31:00:000 / Root(00) / in1 /    125.00000 para top(01)
Mensaje X / 00:31:00:000 / top(01) / in1 /    125.00000 para c(02)
Mensaje D / 00:31:00:000 / c(02) / 00:00:00:000 para top(01)
Mensaje D / 00:31:00:000 / top(01) / 00:00:00:000 para Root(00)
Mensaje * / 00:31:00:000 / Root(00) para top(01)
Mensaje * / 00:31:00:000 / top(01) para c(02)
Mensaje D / 00:31:00:000 / c(02) / ... para top(01)
Mensaje D / 00:31:00:000 / top(01) / ... para Root(00)
Mensaje X / 00:32:00:000 / Root(00) / in1 /    130.00000 para top(01)
Mensaje X / 00:32:00:000 / top(01) / in1 /    130.00000 para c(02)
Mensaje D / 00:32:00:000 / c(02) / 00:00:00:000 para top(01)
Mensaje D / 00:32:00:000 / top(01) / 00:00:00:000 para Root(00)
Mensaje * / 00:32:00:000 / Root(00) para top(01)
Mensaje * / 00:32:00:000 / top(01) para c(02)
Mensaje D / 00:32:00:000 / c(02) / ... para top(01)
Mensaje D / 00:32:00:000 / top(01) / ... para Root(00)
Mensaje X / 00:33:00:000 / Root(00) / in1 /    132.00000 para top(01)
Mensaje X / 00:33:00:000 / top(01) / in1 /    132.00000 para c(02)
Mensaje D / 00:33:00:000 / c(02) / 00:00:00:000 para top(01)
Mensaje D / 00:33:00:000 / top(01) / 00:00:00:000 para Root(00)
Mensaje * / 00:33:00:000 / Root(00) para top(01)
Mensaje * / 00:33:00:000 / top(01) para c(02)
Mensaje D / 00:33:00:000 / c(02) / ... para top(01)
Mensaje D / 00:33:00:000 / top(01) / ... para Root(00)
Mensaje X / 00:34:00:000 / Root(00) / in1 /    134.00000 para top(01)
Mensaje X / 00:34:00:000 / top(01) / in1 /    134.00000 para c(02)
Mensaje D / 00:34:00:000 / c(02) / 00:00:00:000 para top(01)
Mensaje D / 00:34:00:000 / top(01) / 00:00:00:000 para Root(00)
Mensaje * / 00:34:00:000 / Root(00) para top(01)
Mensaje * / 00:34:00:000 / top(01) para c(02)
Mensaje D / 00:34:00:000 / c(02) / ... para top(01)
Mensaje D / 00:34:00:000 / top(01) / ... para Root(00)
Mensaje X / 00:35:00:000 / Root(00) / in1 /    126.00000 para top(01)
Mensaje X / 00:35:00:000 / top(01) / in1 /    126.00000 para c(02)
Mensaje D / 00:35:00:000 / c(02) / 00:00:00:000 para top(01)
Mensaje D / 00:35:00:000 / top(01) / 00:00:00:000 para Root(00)
Mensaje * / 00:35:00:000 / Root(00) para top(01)
Mensaje * / 00:35:00:000 / top(01) para c(02)
Mensaje D / 00:35:00:000 / c(02) / ... para top(01)
Mensaje D / 00:35:00:000 / top(01) / ... para Root(00)
Mensaje X / 00:36:00:000 / Root(00) / in1 /    125.00000 para top(01)
Mensaje X / 00:36:00:000 / top(01) / in1 /    125.00000 para c(02)
Mensaje D / 00:36:00:000 / c(02) / 00:00:00:000 para top(01)
Mensaje D / 00:36:00:000 / top(01) / 00:00:00:000 para Root(00)
Mensaje * / 00:36:00:000 / Root(00) para top(01)
Mensaje * / 00:36:00:000 / top(01) para c(02)
Mensaje D / 00:36:00:000 / c(02) / ... para top(01)
Mensaje D / 00:36:00:000 / top(01) / ... para Root(00)
Mensaje X / 00:37:00:000 / Root(00) / in1 /    130.00000 para top(01)
Mensaje X / 00:37:00:000 / top(01) / in1 /    130.00000 para c(02)
Mensaje D / 00:37:00:000 / c(02) / 00:00:00:000 para top(01)
Mensaje D / 00:37:00:000 / top(01) / 00:00:00:000 para Root(00)
Mensaje * / 00:37:00:000 / Root(00) para top(01)
Mensaje * / 00:37:00:000 / top(01) para c(02)
Mensaje D / 00:37:00:000 / c(02) / ... para top(01)
Mensaje D / 00:37:00:000 / top(01) / ... para Root(00)
Mensaje X / 00:38:00:000 / Root(00) / in1 /    132.00000 para top(01)
Mensaje X / 00:38:00:000 / top(01) / in1 /    132.00000 para c(02)
Mensaje D / 00:38:00:000 / c(02) / 00:00:00:000 para top(01)
Mensaje D / 00:38:00:000 / top(01) / 00:00:00:000 para Root(00)
Mensaje * / 00:38:00:000 / Root(00) para top(01)
Mensaje * / 00:38:00:000 / top(01) para c(02)
Mensaje D / 00:38:00:000 / c(02) / ... para top(01)
Mensaje D / 00:38:00:000 / top(01) / ... para Root(00)
Mensaje X / 00:39:00:000 / Root(00) / in1 /    134.00000 para top(01)
Mensaje X / 00:39:00:000 / top(01) / in1 /    134.00000 para c(02)
Mensaje D / 00:39:00:000 / c(02) / 00:00:00:000 para top(01)
Mensaje D / 00:39:00:000 / top(01) / 00:00:00:000 para Root(00)
Mensaje * / 00:39:00:000 / Root(00) para top(01)
Mensaje * / 00:39:00:000 / top(01) para c(02)
Mensaje D / 00:39:00:000 / c(02) / ... para top(01)
Mensaje D / 00:39:00:000 / top(01) / ... para Root(00)
Mensaje X / 00:40:00:000 / Root(00) / in1 /    126.00000 para top(01)
Mensaje X / 00:40:00:000 / top(01) / in1 /    126.00000 para c(02)
Mensaje D / 00:40:00:000 / c(02) / 00:00:00:000 para top(01)
Mensaje D / 00:40:00:000 / top(01) / 00:00:00:000 para Root(00)
Mensaje * / 00:40:00:000 / Root(00) para top(01)
Mensaje * / 00:40:00:000 / top(01) para c(02)
Mensaje D / 00:40:00:000 / c(02) / ... para top(01)
Mensaje D / 00:40:00:000 / top(01) / ... para Root(00)
Mensaje X / 00:41:00:000 / Root(00) / in1 /    125.00000 para top(01)
Mensaje X / 00:41:00:000 / top(01) / in1 /    125.00000 para c(02)
Mensaje D / 00:41:00:000 / c(02) / 00:00:00:000 para top(01)
Mensaje D / 00:41:00:000 / top(01) / 00:00:00:000 para Root(00)
Mensaje * / 00:41:00:000 / Root(00) para top(01)
Mensaje * / 00:41:00:000 / top(01) para c(02)
Mensaje D / 00:41:00:000 / c(02) / ... para top(01)
Mensaje D / 00:41:00:000 / top(01) / ... para Root(00)
Mensaje X / 00:42:00:000 / Root(00) / in1 /    130.00000 para top(01)
Mensaje X / 00:42:00:000 / top(01) / in1 /    130.00000 para c(02)
Mensaje D / 00:42:00:000 / c(02) / 00:00:00:000 para top(01)
Mensaje D / 00:42:00:000 / top(01) / 00:00:00:000 para Root(00)
Mensaje * / 00:42:00:000 / Root(00) para top(01)
Mensaje * / 00:42:00:000 / top(01) para c(02)
Mensaje D / 00:42:00:000 / c(02) / ... para top(01)
Mensaje D / 00:42:00:000 / top(01) / ... para Root(00)
Mensaje X / 00:43:00:000 / Root(00) / in1 /    132.00000 para top(01)
Mensaje X / 00:43:00:000 / top(01) / in1 /    132.00000 para c(02)
Mensaje D / 00:43:00:000 / c(02) / 00:00:00:000 para top(01)
Mensaje D / 00:43:00:000 / top(01) / 00:00:00:000 para Root(00)
Mensaje * / 00:43:00:000 / Root(00) para top(01)
Mensaje * / 00:43:00:000 / top(01) para c(02)
Mensaje D / 00:43:00:000 / c(02) / ... para top(01)
Mensaje D / 00:43:00:000 / top(01) / ... para Root(00)
Mensaje X / 00:44:00:000 / Root(00) / in1 /    134.00000 para top(01)
Mensaje X / 00:44:00:000 / top(01) / in1 /    134.00000 para c(02)
Mensaje D / 00:44:00:000 / c(02) / 00:00:00:000 para top(01)
Mensaje D / 00:44:00:000 / top(01) / 00:00:00:000 para Root(00)
Mensaje * / 00:44:00:000 / Root(00) para top(01)
Mensaje * / 00:44:00:000 / top(01) para c(02)
Mensaje D / 00:44:00:000 / c(02) / ... para top(01)
Mensaje D / 00:44:00:000 / top(01) / ... para Root(00)
Mensaje X / 00:45:00:000 / Root(00) / in1 /    126.00000 para top(01)
Mensaje X / 00:45:00:000 / top(01) / in1 /    126.00000 para c(02)
Mensaje D / 00:45:00:000 / c(02) / 00:00:00:000 para top(01)
Mensaje D / 00:45:00:000 / top(01) / 00:00:00:000 para Root(00)
Mensaje * / 00:45:00:000 / Root(00) para top(01)
Mensaje * / 00:45:00:000 / top(01) para c(02)
Mensaje D / 00:45:00:000 / c(02) / ... para top(01)
Mensaje D / 00:45:00:000 / top(01) / ... para Root(00)
Mensaje X / 00:46:00:000 / Root(00) / in1 /    125.00000 para top(01)
Mensaje X / 00:46:00:000 / top(01) / in1 /    125.00000 para c(02)
Mensaje D / 00:46:00:000 / c(02) / 00:00:00:000 para top(01)
Mensaje D / 00:46:00:000 / top(01) / 00:00:00:000 para Root(00)
Mensaje * / 00:46:00:000 / Root(00) para top(01)
Mensaje * / 00:46:00:000 / top(01) para c(02)
Mensaje D / 00:46:00:000 / c(02) / ... para top(01)
Mensaje D / 00:46:00:000 / top(01) / ... para Root(00)
Mensaje X / 00:47:00:000 / Root(00) / in1 /    130.00000 para top(01)
Mensaje X / 00:47:00:000 / top(01) / in1 /    130.00000 para c(02)
Mensaje D / 00:47:00:000 / c(02) / 00:00:00:000 para top(01)
Mensaje D / 00:47:00:000 / top(01) / 00:00:00:000 para Root(00)
Mensaje * / 00:47:00:000 / Root(00) para top(01)
Mensaje * / 00:47:00:000 / top(01) para c(02)
Mensaje D / 00:47:00:000 / c(02) / ... para top(01)
Mensaje D / 00:47:00:000 / top(01) / ... para Root(00)
Mensaje X / 00:48:00:000 / Root(00) / in1 /    132.00000 para top(01)
Mensaje X / 00:48:00:000 / top(01) / in1 /    132.00000 para c(02)
Mensaje D / 00:48:00:000 / c(02) / 00:00:00:000 para top(01)
Mensaje D / 00:48:00:000 / top(01) / 00:00:00:000 para Root(00)
Mensaje * / 00:48:00:000 / Root(00) para top(01)
Mensaje * / 00:48:00:000 / top(01) para c(02)
Mensaje D / 00:48:00:000 / c(02) / ... para top(01)
Mensaje D / 00:48:00:000 / top(01) / ... para Root(00)
Mensaje X / 00:49:00:000 / Root(00) / in1 /    134.00000 para top(01)
Mensaje X / 00:49:00:000 / top(01) / in1 /    134.00000 para c(02)
Mensaje D / 00:49:00:000 / c(02) / 00:00:00:000 para top(01)
Mensaje D / 00:49:00:000 / top(01) / 00:00:00:000 para Root(00)
Mensaje * / 00:49:00:000 / Root(00) para top(01)
Mensaje * / 00:49:00:000 / top(01) para c(02)
Mensaje D / 00:49:00:000 / c(02) / ... para top(01)
Mensaje D / 00:49:00:000 / top(01) / ... para Root(00)
Mensaje X / 00:50:00:000 / Root(00) / in1 /    126.00000 para top(01)
Mensaje X / 00:50:00:000 / top(01) / in1 /    126.00000 para c(02)
Mensaje D / 00:50:00:000 / c(02) / 00:00:00:000 para top(01)
Mensaje D / 00:50:00:000 / top(01) / 00:00:00:000 para Root(00)
Mensaje * / 00:50:00:000 / Root(00) para top(01)
Mensaje * / 00:50:00:000 / top(01) para c(02)
Mensaje D / 00:50:00:000 / c(02) / ... para top(01)
Mensaje D / 00:50:00:000 / top(01) / ... para Root(00)
Mensaje X / 00:51:00:000 / Root(00) / in1 /    125.00000 para top(01)
Mensaje X / 00:51:00:000 / top(01) / in1 /    125.00000 para c(02)
Mensaje D / 00:51:00:000 / c(02) / 00:00:00:000 para top(01)
Mensaje D / 00:51:00:000 / top(01) / 00:00:00:000 para Root(00)
Mensaje * / 00:51:00:000 / Root(00) para top(01)
Mensaje * / 00:51:00:000 / top(01) para c(02)
Mensaje D / 00:51:00:000 / c(02) / ... para top(01)
Mensaje D / 00:51:00:000 / top(01) / ... para Root(00)
Mensaje X / 00:52:00:000 / Root(00) / in1 /    130.00000 para top(01)
Mensaje X / 00:52:00:000 / top(01) / in1 /    130.00000 para c(02)
Mensaje D / 00:52:00:000 / c(02) / 00:00:00:000 para top(01)
Mensaje D / 00:52:00:000 / top(01) / 00:00:00:000 para Root(00)
Mensaje * / 00:52:00:000 / Root(00) para top(01)
Mensaje * / 00:52:00:000 / top(01) para c(02)
Mensaje D / 00:52:00:000 / c(02) / ... para top(01)
Mensaje D / 00:52:00:000 / top(01) / ... para Root(00)
Mensaje X / 00:53:00:000 / Root(00) / in1 /    132.00000 para top(01)
Mensaje X / 00:53:00:000 / top(01) / in1 /    132.00000 para c(02)
Mensaje D / 00:53:00:000 / c(02) / 00:00:00:000 para top(01)
Mensaje D / 00:53:00:000 / top(01) / 00:00:00:000 para Root(00)
Mensaje * / 00:53:00:000 / Root(00) para top(01)
Mensaje * / 00:53:00:000 / top(01) para c(02)
Mensaje D / 00:53:00:000 / c(02) / ... para top(01)
Mensaje D / 00:53:00:000 / top(01) / ... para Root(00)
Mensaje X / 00:54:00:000 / Root(00) / in1 /    134.00000 para top(01)
Mensaje X / 00:54:00:000 / top(01) / in1 /    134.00000 para c(02)
Mensaje D / 00:54:00:000 / c(02) / 00:00:00:000 para top(01)
Mensaje D / 00:54:00:000 / top(01) / 00:00:00:000 para Root(00)
Mensaje * / 00:54:00:000 / Root(00) para top(01)
Mensaje * / 00:54:00:000 / top(01) para c(02)
Mensaje D / 00:54:00:000 / c(02) / ... para top(01)
Mensaje D / 00:54:00:000 / top(01) / ... para Root(00)
Mensaje X / 00:55:00:000 / Root(00) / in1 /    126.00000 para top(01)
Mensaje X / 00:55:00:000 / top(01) / in1 /    126.00000 para c(02)
Mensaje D / 00:55:00:000 / c(02) / 00:00:00:000 para top(01)
Mensaje D / 00:55:00:000 / top(01) / 00:00:00:000 para Root(00)
Mensaje * / 00:55:00:000 / Root(00) para top(01)
Mensaje * / 00:55:00:000 / top(01) para c(02)
Mensaje D / 00:55:00:000 / c(02) / ... para top(01)
Mensaje D / 00:55:00:000 / top(01) / ... para Root(00)
Mensaje X / 00:56:00:000 / Root(00) / in1 /    125.00000 para top(01)
Mensaje X / 00:56:00:000 / top(01) / in1 /    125.00000 para c(02)
Mensaje D / 00:56:00:000 / c(02) / 00:00:00:000 para top(01)
Mensaje D / 00:56:00:000 / top(01) / 00:00:00:000 para Root(00)
Mensaje * / 00:56:00:000 / Root(00) para top(01)
Mensaje * / 00:56:00:000 / top(01) para c(02)
Mensaje D / 00:56:00:000 / c(02) / ... para top(01)
Mensaje D / 00:56:00:000 / top(01) / ... para Root(00)
Mensaje X / 00:57:00:000 / Root(00) / in1 /    130.00000 para top(01)
Mensaje X / 00:57:00:000 / top(01) / in1 /    130.00000 para c(02)
Mensaje D / 00:57:00:000 / c(02) / 00:00:00:000 para top(01)
Mensaje D / 00:57:00:000 / top(01) / 00:00:00:000 para Root(00)
Mensaje * / 00:57:00:000 / Root(00) para top(01)
Mensaje * / 00:57:00:000 / top(01) para c(02)
Mensaje D / 00:57:00:000 / c(02) / ... para top(01)
Mensaje D / 00:57:00:000 / top(01) / ... para Root(00)
Mensaje X / 00:58:00:000 / Root(00) / in1 /    132.00000 para top(01)
Mensaje X / 00:58:00:000 / top(01) / in1 /    132.00000 para c(02)
Mensaje D / 00:58:00:000 / c(02) / 00:00:00:000 para top(01)
Mensaje D / 00:58:00:000 / top(01) / 00:00:00:000 para Root(00)
Mensaje * / 00:58:00:000 / Root(00) para top(01)
Mensaje * / 00:58:00:000 / top(01) para c(02)
Mensaje D / 00:58:00:000 / c(02) / ... para top(01)
Mensaje D / 00:58:00:000 / top(01) / ... para Root(00)
Mensaje X / 00:59:00:000 / Root(00) / in1 /    134.00000 para top(01)
Mensaje X / 00:59:00:000 / top(01) / in1 /    134.00000 para c(02)
Mensaje D / 00:59:00:000 / c(02) / 00:00:00:000 para top(01)
Mensaje D / 00:59:00:000 / top(01) / 00:00:00:000 para Root(00)
Mensaje * / 00:59:00:000 / Root(00) para top(01)
Mensaje * / 00:59:00:000 / top(01) para c(02)
Mensaje D / 00:59:00:000 / c(02) / ... para top(01)
Mensaje D / 00:59:00:000 / top(01) / ... para Root(00)
Mensaje X / 01:00:00:000 / Root(00) / in1 /    126.00000 para top(01)
Mensaje X / 01:00:00:000 / top(01) / in1 /    126.00000 para c(02)
Mensaje D / 01:00:00:000 / c(02) / 00:00:00:000 para top(01)
Mensaje D / 01:00:00:000 / top(01) / 00:00:00:000 para Root(00)
Mensaje X / 01:00:00:000 / Root(00) / in2 /     12.94000 para top(01)
Mensaje X / 01:00:00:000 / top(01) / in2 /     12.94000 para c(02)
Mensaje D / 01:00:00:000 / c(02) / 00:00:00:000 para top(01)
Mensaje D / 01:00:00:000 / top(01) / 00:00:00:000 para Root(00)
Mensaje * / 01:00:00:000 / Root(00) para top(01)
Mensaje * / 01:00:00:000 / top(01) para c(02)
Mensaje Y / 01:00:00:000 / c(02) / out /      0.11840 para top(01)
Mensaje D / 01:00:00:000 / c(02) / ... para top(01)
Mensaje Y / 01:00:00:000 / top(01) / out /      0.11840 para Root(00)
Mensaje D / 01:00:00:000 / top(01) / ... para Root(00)
