Mensaje I / 00:00:00:000 / Root(00) para top(01)
Mensaje I / 00:00:00:000 / top(01) para d(02)
Mensaje I / 00:00:00:000 / top(01) para e(03)
Mensaje D / 00:00:00:000 / d(02) / 00:00:00:000 para top(01)
Mensaje D / 00:00:00:000 / e(03) / 00:00:00:000 para top(01)
Mensaje D / 00:00:00:000 / top(01) / 00:00:00:000 para Root(00)
Mensaje * / 00:00:00:000 / Root(00) para top(01)
Mensaje * / 00:00:00:000 / top(01) para d(02)
Mensaje D / 00:00:00:000 / d(02) / ... para top(01)
Mensaje D / 00:00:00:000 / top(01) / 00:00:00:000 para Root(00)
Mensaje * / 00:00:00:000 / Root(00) para top(01)
Mensaje * / 00:00:00:000 / top(01) para e(03)
Mensaje D / 00:00:00:000 / e(03) / ... para top(01)
Mensaje D / 00:00:00:000 / top(01) / ... para Root(00)
Mensaje X / 01:00:00:000 / Root(00) / in /     12.50000 para top(01)
Mensaje X / 01:00:00:000 / top(01) / in /     12.50000 para d(02)
Mensaje X / 01:00:00:000 / top(01) / in2 /     12.50000 para e(03)
Mensaje D / 01:00:00:000 / d(02) / 00:00:00:000 para top(01)
Mensaje D / 01:00:00:000 / e(03) / 00:00:00:000 para top(01)
Mensaje D / 01:00:00:000 / top(01) / 00:00:00:000 para Root(00)
Mensaje * / 01:00:00:000 / Root(00) para top(01)
Mensaje * / 01:00:00:000 / top(01) para d(02)
Mensaje D / 01:00:00:000 / d(02) / ... para top(01)
Mensaje D / 01:00:00:000 / top(01) / 00:00:00:000 para Root(00)
Mensaje * / 01:00:00:000 / Root(00) para top(01)
Mensaje * / 01:00:00:000 / top(01) para e(03)
Mensaje D / 01:00:00:000 / e(03) / ... para top(01)
Mensaje D / 01:00:00:000 / top(01) / ... para Root(00)
Mensaje X / 02:00:00:000 / Root(00) / in /     13.00000 para top(01)
Mensaje X / 02:00:00:000 / top(01) / in /     13.00000 para d(02)
Mensaje X / 02:00:00:000 / top(01) / in2 /     13.00000 para e(03)
Mensaje D / 02:00:00:000 / d(02) / 00:00:00:000 para top(01)
Mensaje D / 02:00:00:000 / e(03) / 00:00:00:000 para top(01)
Mensaje D / 02:00:00:000 / top(01) / 00:00:00:000 para Root(00)
Mensaje * / 02:00:00:000 / Root(00) para top(01)
Mensaje * / 02:00:00:000 / top(01) para d(02)
Mensaje D / 02:00:00:000 / d(02) / ... para top(01)
Mensaje D / 02:00:00:000 / top(01) / 00:00:00:000 para Root(00)
Mensaje * / 02:00:00:000 / Root(00) para top(01)
Mensaje * / 02:00:00:000 / top(01) para e(03)
Mensaje D / 02:00:00:000 / e(03) / ... para top(01)
Mensaje D / 02:00:00:000 / top(01) / ... para Root(00)
Mensaje X / 03:00:00:000 / Root(00) / in /     13.20000 para top(01)
Mensaje X / 03:00:00:000 / top(01) / in /     13.20000 para d(02)
Mensaje X / 03:00:00:000 / top(01) / in2 /     13.20000 para e(03)
Mensaje D / 03:00:00:000 / d(02) / 00:00:00:000 para top(01)
Mensaje D / 03:00:00:000 / e(03) / 00:00:00:000 para top(01)
Mensaje D / 03:00:00:000 / top(01) / 00:00:00:000 para Root(00)
Mensaje * / 03:00:00:000 / Root(00) para top(01)
Mensaje * / 03:00:00:000 / top(01) para d(02)
Mensaje D / 03:00:00:000 / d(02) / ... para top(01)
Mensaje D / 03:00:00:000 / top(01) / 00:00:00:000 para Root(00)
Mensaje * / 03:00:00:000 / Root(00) para top(01)
Mensaje * / 03:00:00:000 / top(01) para e(03)
Mensaje D / 03:00:00:000 / e(03) / ... para top(01)
Mensaje D / 03:00:00:000 / top(01) / ... para Root(00)
Mensaje X / 04:00:00:000 / Root(00) / in /     13.40000 para top(01)
Mensaje X / 04:00:00:000 / top(01) / in /     13.40000 para d(02)
Mensaje X / 04:00:00:000 / top(01) / in2 /     13.40000 para e(03)
Mensaje D / 04:00:00:000 / d(02) / 00:00:00:000 para top(01)
Mensaje D / 04:00:00:000 / e(03) / 00:00:00:000 para top(01)
Mensaje D / 04:00:00:000 / top(01) / 00:00:00:000 para Root(00)
Mensaje * / 04:00:00:000 / Root(00) para top(01)
Mensaje * / 04:00:00:000 / top(01) para d(02)
Mensaje D / 04:00:00:000 / d(02) / ... para top(01)
Mensaje D / 04:00:00:000 / top(01) / 00:00:00:000 para Root(00)
Mensaje * / 04:00:00:000 / Root(00) para top(01)
Mensaje * / 04:00:00:000 / top(01) para e(03)
Mensaje D / 04:00:00:000 / e(03) / ... para top(01)
Mensaje D / 04:00:00:000 / top(01) / ... para Root(00)
Mensaje X / 05:00:00:000 / Root(00) / in /     12.60000 para top(01)
Mensaje X / 05:00:00:000 / top(01) / in /     12.60000 para d(02)
Mensaje X / 05:00:00:000 / top(01) / in2 /     12.60000 para e(03)
Mensaje D / 05:00:00:000 / d(02) / 00:00:00:000 para top(01)
Mensaje D / 05:00:00:000 / e(03) / 00:00:00:000 para top(01)
Mensaje D / 05:00:00:000 / top(01) / 00:00:00:000 para Root(00)
Mensaje * / 05:00:00:000 / Root(00) para top(01)
Mensaje * / 05:00:00:000 / top(01) para d(02)
Mensaje D / 05:00:00:000 / d(02) / ... para top(01)
Mensaje D / 05:00:00:000 / top(01) / 00:00:00:000 para Root(00)
Mensaje * / 05:00:00:000 / Root(00) para top(01)
Mensaje * / 05:00:00:000 / top(01) para e(03)
Mensaje D / 05:00:00:000 / e(03) / ... para top(01)
Mensaje D / 05:00:00:000 / top(01) / ... para Root(00)
Mensaje X / 06:00:00:000 / Root(00) / in /     12.50000 para top(01)
Mensaje X / 06:00:00:000 / top(01) / in /     12.50000 para d(02)
Mensaje X / 06:00:00:000 / top(01) / in2 /     12.50000 para e(03)
Mensaje D / 06:00:00:000 / d(02) / 00:00:00:000 para top(01)
Mensaje D / 06:00:00:000 / e(03) / 00:00:00:000 para top(01)
Mensaje D / 06:00:00:000 / top(01) / 00:00:00:000 para Root(00)
Mensaje * / 06:00:00:000 / Root(00) para top(01)
Mensaje * / 06:00:00:000 / top(01) para d(02)
Mensaje D / 06:00:00:000 / d(02) / ... para top(01)
Mensaje D / 06:00:00:000 / top(01) / 00:00:00:000 para Root(00)
Mensaje * / 06:00:00:000 / Root(00) para top(01)
Mensaje * / 06:00:00:000 / top(01) para e(03)
Mensaje D / 06:00:00:000 / e(03) / ... para top(01)
Mensaje D / 06:00:00:000 / top(01) / ... para Root(00)
Mensaje X / 07:00:00:000 / Root(00) / in /     13.00000 para top(01)
Mensaje X / 07:00:00:000 / top(01) / in /     13.00000 para d(02)
Mensaje X / 07:00:00:000 / top(01) / in2 /     13.00000 para e(03)
Mensaje D / 07:00:00:000 / d(02) / 00:00:00:000 para top(01)
Mensaje D / 07:00:00:000 / e(03) / 00:00:00:000 para top(01)
Mensaje D / 07:00:00:000 / top(01) / 00:00:00:000 para Root(00)
Mensaje * / 07:00:00:000 / Root(00) para top(01)
Mensaje * / 07:00:00:000 / top(01) para d(02)
Mensaje D / 07:00:00:000 / d(02) / ... para top(01)
Mensaje D / 07:00:00:000 / top(01) / 00:00:00:000 para Root(00)
Mensaje * / 07:00:00:000 / Root(00) para top(01)
Mensaje * / 07:00:00:000 / top(01) para e(03)
Mensaje D / 07:00:00:000 / e(03) / ... para top(01)
Mensaje D / 07:00:00:000 / top(01) / ... para Root(00)
Mensaje X / 08:00:00:000 / Root(00) / in /     13.20000 para top(01)
Mensaje X / 08:00:00:000 / top(01) / in /     13.20000 para d(02)
Mensaje X / 08:00:00:000 / top(01) / in2 /     13.20000 para e(03)
Mensaje D / 08:00:00:000 / d(02) / 00:00:00:000 para top(01)
Mensaje D / 08:00:00:000 / e(03) / 00:00:00:000 para top(01)
Mensaje D / 08:00:00:000 / top(01) / 00:00:00:000 para Root(00)
Mensaje * / 08:00:00:000 / Root(00) para top(01)
Mensaje * / 08:00:00:000 / top(01) para d(02)
Mensaje D / 08:00:00:000 / d(02) / ... para top(01)
Mensaje D / 08:00:00:000 / top(01) / 00:00:00:000 para Root(00)
Mensaje * / 08:00:00:000 / Root(00) para top(01)
Mensaje * / 08:00:00:000 / top(01) para e(03)
Mensaje D / 08:00:00:000 / e(03) / ... para top(01)
Mensaje D / 08:00:00:000 / top(01) / ... para Root(00)
Mensaje X / 09:00:00:000 / Root(00) / in /     13.40000 para top(01)
Mensaje X / 09:00:00:000 / top(01) / in /     13.40000 para d(02)
Mensaje X / 09:00:00:000 / top(01) / in2 /     13.40000 para e(03)
Mensaje D / 09:00:00:000 / d(02) / 00:00:00:000 para top(01)
Mensaje D / 09:00:00:000 / e(03) / 00:00:00:000 para top(01)
Mensaje D / 09:00:00:000 / top(01) / 00:00:00:000 para Root(00)
Mensaje * / 09:00:00:000 / Root(00) para top(01)
Mensaje * / 09:00:00:000 / top(01) para d(02)
Mensaje D / 09:00:00:000 / d(02) / ... para top(01)
Mensaje D / 09:00:00:000 / top(01) / 00:00:00:000 para Root(00)
Mensaje * / 09:00:00:000 / Root(00) para top(01)
Mensaje * / 09:00:00:000 / top(01) para e(03)
Mensaje D / 09:00:00:000 / e(03) / ... para top(01)
Mensaje D / 09:00:00:000 / top(01) / ... para Root(00)
Mensaje X / 10:00:00:000 / Root(00) / in /     12.60000 para top(01)
Mensaje X / 10:00:00:000 / top(01) / in /     12.60000 para d(02)
Mensaje X / 10:00:00:000 / top(01) / in2 /     12.60000 para e(03)
Mensaje D / 10:00:00:000 / d(02) / 00:00:00:000 para top(01)
Mensaje D / 10:00:00:000 / e(03) / 00:00:00:000 para top(01)
Mensaje D / 10:00:00:000 / top(01) / 00:00:00:000 para Root(00)
Mensaje * / 10:00:00:000 / Root(00) para top(01)
Mensaje * / 10:00:00:000 / top(01) para d(02)
Mensaje D / 10:00:00:000 / d(02) / ... para top(01)
Mensaje D / 10:00:00:000 / top(01) / 00:00:00:000 para Root(00)
Mensaje * / 10:00:00:000 / Root(00) para top(01)
Mensaje * / 10:00:00:000 / top(01) para e(03)
Mensaje D / 10:00:00:000 / e(03) / ... para top(01)
Mensaje D / 10:00:00:000 / top(01) / ... para Root(00)
Mensaje X / 11:00:00:000 / Root(00) / in /     12.50000 para top(01)
Mensaje X / 11:00:00:000 / top(01) / in /     12.50000 para d(02)
Mensaje X / 11:00:00:000 / top(01) / in2 /     12.50000 para e(03)
Mensaje D / 11:00:00:000 / d(02) / 00:00:00:000 para top(01)
Mensaje D / 11:00:00:000 / e(03) / 00:00:00:000 para top(01)
Mensaje D / 11:00:00:000 / top(01) / 00:00:00:000 para Root(00)
Mensaje * / 11:00:00:000 / Root(00) para top(01)
Mensaje * / 11:00:00:000 / top(01) para d(02)
Mensaje D / 11:00:00:000 / d(02) / ... para top(01)
Mensaje D / 11:00:00:000 / top(01) / 00:00:00:000 para Root(00)
Mensaje * / 11:00:00:000 / Root(00) para top(01)
Mensaje * / 11:00:00:000 / top(01) para e(03)
Mensaje D / 11:00:00:000 / e(03) / ... para top(01)
Mensaje D / 11:00:00:000 / top(01) / ... para Root(00)
Mensaje X / 12:00:00:000 / Root(00) / in /     13.00000 para top(01)
Mensaje X / 12:00:00:000 / top(01) / in /     13.00000 para d(02)
Mensaje X / 12:00:00:000 / top(01) / in2 /     13.00000 para e(03)
Mensaje D / 12:00:00:000 / d(02) / 00:00:00:000 para top(01)
Mensaje D / 12:00:00:000 / e(03) / 00:00:00:000 para top(01)
Mensaje D / 12:00:00:000 / top(01) / 00:00:00:000 para Root(00)
Mensaje * / 12:00:00:000 / Root(00) para top(01)
Mensaje * / 12:00:00:000 / top(01) para d(02)
Mensaje D / 12:00:00:000 / d(02) / ... para top(01)
Mensaje D / 12:00:00:000 / top(01) / 00:00:00:000 para Root(00)
Mensaje * / 12:00:00:000 / Root(00) para top(01)
Mensaje * / 12:00:00:000 / top(01) para e(03)
Mensaje D / 12:00:00:000 / e(03) / ... para top(01)
Mensaje D / 12:00:00:000 / top(01) / ... para Root(00)
Mensaje X / 13:00:00:000 / Root(00) / in /     13.20000 para top(01)
Mensaje X / 13:00:00:000 / top(01) / in /     13.20000 para d(02)
Mensaje X / 13:00:00:000 / top(01) / in2 /     13.20000 para e(03)
Mensaje D / 13:00:00:000 / d(02) / 00:00:00:000 para top(01)
Mensaje D / 13:00:00:000 / e(03) / 00:00:00:000 para top(01)
Mensaje D / 13:00:00:000 / top(01) / 00:00:00:000 para Root(00)
Mensaje * / 13:00:00:000 / Root(00) para top(01)
Mensaje * / 13:00:00:000 / top(01) para d(02)
Mensaje D / 13:00:00:000 / d(02) / ... para top(01)
Mensaje D / 13:00:00:000 / top(01) / 00:00:00:000 para Root(00)
Mensaje * / 13:00:00:000 / Root(00) para top(01)
Mensaje * / 13:00:00:000 / top(01) para e(03)
Mensaje D / 13:00:00:000 / e(03) / ... para top(01)
Mensaje D / 13:00:00:000 / top(01) / ... para Root(00)
Mensaje X / 14:00:00:000 / Root(00) / in /     13.40000 para top(01)
Mensaje X / 14:00:00:000 / top(01) / in /     13.40000 para d(02)
Mensaje X / 14:00:00:000 / top(01) / in2 /     13.40000 para e(03)
Mensaje D / 14:00:00:000 / d(02) / 00:00:00:000 para top(01)
Mensaje D / 14:00:00:000 / e(03) / 00:00:00:000 para top(01)
Mensaje D / 14:00:00:000 / top(01) / 00:00:00:000 para Root(00)
Mensaje * / 14:00:00:000 / Root(00) para top(01)
Mensaje * / 14:00:00:000 / top(01) para d(02)
Mensaje D / 14:00:00:000 / d(02) / ... para top(01)
Mensaje D / 14:00:00:000 / top(01) / 00:00:00:000 para Root(00)
Mensaje * / 14:00:00:000 / Root(00) para top(01)
Mensaje * / 14:00:00:000 / top(01) para e(03)
Mensaje D / 14:00:00:000 / e(03) / ... para top(01)
Mensaje D / 14:00:00:000 / top(01) / ... para Root(00)
Mensaje X / 15:00:00:000 / Root(00) / in /     12.60000 para top(01)
Mensaje X / 15:00:00:000 / top(01) / in /     12.60000 para d(02)
Mensaje X / 15:00:00:000 / top(01) / in2 /     12.60000 para e(03)
Mensaje D / 15:00:00:000 / d(02) / 00:00:00:000 para top(01)
Mensaje D / 15:00:00:000 / e(03) / 00:00:00:000 para top(01)
Mensaje D / 15:00:00:000 / top(01) / 00:00:00:000 para Root(00)
Mensaje * / 15:00:00:000 / Root(00) para top(01)
Mensaje * / 15:00:00:000 / top(01) para d(02)
Mensaje D / 15:00:00:000 / d(02) / ... para top(01)
Mensaje D / 15:00:00:000 / top(01) / 00:00:00:000 para Root(00)
Mensaje * / 15:00:00:000 / Root(00) para top(01)
Mensaje * / 15:00:00:000 / top(01) para e(03)
Mensaje D / 15:00:00:000 / e(03) / ... para top(01)
Mensaje D / 15:00:00:000 / top(01) / ... para Root(00)
Mensaje X / 16:00:00:000 / Root(00) / in /     12.50000 para top(01)
Mensaje X / 16:00:00:000 / top(01) / in /     12.50000 para d(02)
Mensaje X / 16:00:00:000 / top(01) / in2 /     12.50000 para e(03)
Mensaje D / 16:00:00:000 / d(02) / 00:00:00:000 para top(01)
Mensaje D / 16:00:00:000 / e(03) / 00:00:00:000 para top(01)
Mensaje D / 16:00:00:000 / top(01) / 00:00:00:000 para Root(00)
Mensaje * / 16:00:00:000 / Root(00) para top(01)
Mensaje * / 16:00:00:000 / top(01) para d(02)
Mensaje D / 16:00:00:000 / d(02) / ... para top(01)
Mensaje D / 16:00:00:000 / top(01) / 00:00:00:000 para Root(00)
Mensaje * / 16:00:00:000 / Root(00) para top(01)
Mensaje * / 16:00:00:000 / top(01) para e(03)
Mensaje D / 16:00:00:000 / e(03) / ... para top(01)
Mensaje D / 16:00:00:000 / top(01) / ... para Root(00)
Mensaje X / 17:00:00:000 / Root(00) / in /     13.00000 para top(01)
Mensaje X / 17:00:00:000 / top(01) / in /     13.00000 para d(02)
Mensaje X / 17:00:00:000 / top(01) / in2 /     13.00000 para e(03)
Mensaje D / 17:00:00:000 / d(02) / 00:00:00:000 para top(01)
Mensaje D / 17:00:00:000 / e(03) / 00:00:00:000 para top(01)
Mensaje D / 17:00:00:000 / top(01) / 00:00:00:000 para Root(00)
Mensaje * / 17:00:00:000 / Root(00) para top(01)
Mensaje * / 17:00:00:000 / top(01) para d(02)
Mensaje D / 17:00:00:000 / d(02) / ... para top(01)
Mensaje D / 17:00:00:000 / top(01) / 00:00:00:000 para Root(00)
Mensaje * / 17:00:00:000 / Root(00) para top(01)
Mensaje * / 17:00:00:000 / top(01) para e(03)
Mensaje D / 17:00:00:000 / e(03) / ... para top(01)
Mensaje D / 17:00:00:000 / top(01) / ... para Root(00)
Mensaje X / 18:00:00:000 / Root(00) / in /     13.20000 para top(01)
Mensaje X / 18:00:00:000 / top(01) / in /     13.20000 para d(02)
Mensaje X / 18:00:00:000 / top(01) / in2 /     13.20000 para e(03)
Mensaje D / 18:00:00:000 / d(02) / 00:00:00:000 para top(01)
Mensaje D / 18:00:00:000 / e(03) / 00:00:00:000 para top(01)
Mensaje D / 18:00:00:000 / top(01) / 00:00:00:000 para Root(00)
Mensaje * / 18:00:00:000 / Root(00) para top(01)
Mensaje * / 18:00:00:000 / top(01) para d(02)
Mensaje D / 18:00:00:000 / d(02) / ... para top(01)
Mensaje D / 18:00:00:000 / top(01) / 00:00:00:000 para Root(00)
Mensaje * / 18:00:00:000 / Root(00) para top(01)
Mensaje * / 18:00:00:000 / top(01) para e(03)
Mensaje D / 18:00:00:000 / e(03) / ... para top(01)
Mensaje D / 18:00:00:000 / top(01) / ... para Root(00)
Mensaje X / 19:00:00:000 / Root(00) / in /     13.40000 para top(01)
Mensaje X / 19:00:00:000 / top(01) / in /     13.40000 para d(02)
Mensaje X / 19:00:00:000 / top(01) / in2 /     13.40000 para e(03)
Mensaje D / 19:00:00:000 / d(02) / 00:00:00:000 para top(01)
Mensaje D / 19:00:00:000 / e(03) / 00:00:00:000 para top(01)
Mensaje D / 19:00:00:000 / top(01) / 00:00:00:000 para Root(00)
Mensaje * / 19:00:00:000 / Root(00) para top(01)
Mensaje * / 19:00:00:000 / top(01) para d(02)
Mensaje D / 19:00:00:000 / d(02) / ... para top(01)
Mensaje D / 19:00:00:000 / top(01) / 00:00:00:000 para Root(00)
Mensaje * / 19:00:00:000 / Root(00) para top(01)
Mensaje * / 19:00:00:000 / top(01) para e(03)
Mensaje D / 19:00:00:000 / e(03) / ... para top(01)
Mensaje D / 19:00:00:000 / top(01) / ... para Root(00)
Mensaje X / 20:00:00:000 / Root(00) / in /     12.60000 para top(01)
Mensaje X / 20:00:00:000 / top(01) / in /     12.60000 para d(02)
Mensaje X / 20:00:00:000 / top(01) / in2 /     12.60000 para e(03)
Mensaje D / 20:00:00:000 / d(02) / 00:00:00:000 para top(01)
Mensaje D / 20:00:00:000 / e(03) / 00:00:00:000 para top(01)
Mensaje D / 20:00:00:000 / top(01) / 00:00:00:000 para Root(00)
Mensaje * / 20:00:00:000 / Root(00) para top(01)
Mensaje * / 20:00:00:000 / top(01) para d(02)
Mensaje D / 20:00:00:000 / d(02) / ... para top(01)
Mensaje D / 20:00:00:000 / top(01) / 00:00:00:000 para Root(00)
Mensaje * / 20:00:00:000 / Root(00) para top(01)
Mensaje * / 20:00:00:000 / top(01) para e(03)
Mensaje D / 20:00:00:000 / e(03) / ... para top(01)
Mensaje D / 20:00:00:000 / top(01) / ... para Root(00)
Mensaje X / 21:00:00:000 / Root(00) / in /     12.50000 para top(01)
Mensaje X / 21:00:00:000 / top(01) / in /     12.50000 para d(02)
Mensaje X / 21:00:00:000 / top(01) / in2 /     12.50000 para e(03)
Mensaje D / 21:00:00:000 / d(02) / 00:00:00:000 para top(01)
Mensaje D / 21:00:00:000 / e(03) / 00:00:00:000 para top(01)
Mensaje D / 21:00:00:000 / top(01) / 00:00:00:000 para Root(00)
Mensaje * / 21:00:00:000 / Root(00) para top(01)
Mensaje * / 21:00:00:000 / top(01) para d(02)
Mensaje D / 21:00:00:000 / d(02) / ... para top(01)
Mensaje D / 21:00:00:000 / top(01) / 00:00:00:000 para Root(00)
Mensaje * / 21:00:00:000 / Root(00) para top(01)
Mensaje * / 21:00:00:000 / top(01) para e(03)
Mensaje D / 21:00:00:000 / e(03) / ... para top(01)
Mensaje D / 21:00:00:000 / top(01) / ... para Root(00)
Mensaje X / 22:00:00:000 / Root(00) / in /     13.00000 para top(01)
Mensaje X / 22:00:00:000 / top(01) / in /     13.00000 para d(02)
Mensaje X / 22:00:00:000 / top(01) / in2 /     13.00000 para e(03)
Mensaje D / 22:00:00:000 / d(02) / 00:00:00:000 para top(01)
Mensaje D / 22:00:00:000 / e(03) / 00:00:00:000 para top(01)
Mensaje D / 22:00:00:000 / top(01) / 00:00:00:000 para Root(00)
Mensaje * / 22:00:00:000 / Root(00) para top(01)
Mensaje * / 22:00:00:000 / top(01) para d(02)
Mensaje D / 22:00:00:000 / d(02) / ... para top(01)
Mensaje D / 22:00:00:000 / top(01) / 00:00:00:000 para Root(00)
Mensaje * / 22:00:00:000 / Root(00) para top(01)
Mensaje * / 22:00:00:000 / top(01) para e(03)
Mensaje D / 22:00:00:000 / e(03) / ... para top(01)
Mensaje D / 22:00:00:000 / top(01) / ... para Root(00)
Mensaje X / 23:00:00:000 / Root(00) / in /     13.20000 para top(01)
Mensaje X / 23:00:00:000 / top(01) / in /     13.20000 para d(02)
Mensaje X / 23:00:00:000 / top(01) / in2 /     13.20000 para e(03)
Mensaje D / 23:00:00:000 / d(02) / 00:00:00:000 para top(01)
Mensaje D / 23:00:00:000 / e(03) / 00:00:00:000 para top(01)
Mensaje D / 23:00:00:000 / top(01) / 00:00:00:000 para Root(00)
Mensaje * / 23:00:00:000 / Root(00) para top(01)
Mensaje * / 23:00:00:000 / top(01) para d(02)
Mensaje D / 23:00:00:000 / d(02) / ... para top(01)
Mensaje D / 23:00:00:000 / top(01) / 00:00:00:000 para Root(00)
Mensaje * / 23:00:00:000 / Root(00) para top(01)
Mensaje * / 23:00:00:000 / top(01) para e(03)
Mensaje D / 23:00:00:000 / e(03) / ... para top(01)
Mensaje D / 23:00:00:000 / top(01) / ... para Root(00)
Mensaje X / 24:00:00:000 / Root(00) / in /     13.40000 para top(01)
Mensaje X / 24:00:00:000 / top(01) / in /     13.40000 para d(02)
Mensaje X / 24:00:00:000 / top(01) / in2 /     13.40000 para e(03)
Mensaje D / 24:00:00:000 / d(02) / 00:00:00:000 para top(01)
Mensaje D / 24:00:00:000 / e(03) / 00:00:00:000 para top(01)
Mensaje D / 24:00:00:000 / top(01) / 00:00:00:000 para Root(00)
Mensaje * / 24:00:00:000 / Root(00) para top(01)
Mensaje * / 24:00:00:000 / top(01) para d(02)
Mensaje Y / 24:00:00:000 / d(02) / out /     12.95417 para top(01)
Mensaje D / 24:00:00:000 / d(02) / ... para top(01)
Mensaje Y / 24:00:00:000 / top(01) / out1 /     12.95417 para Root(00)
Mensaje X / 24:00:00:000 / top(01) / in1 /     12.95417 para e(03)
Mensaje D / 24:00:00:000 / e(03) / 00:00:00:000 para top(01)
Mensaje D / 24:00:00:000 / top(01) / 00:00:00:000 para Root(00)
Mensaje * / 24:00:00:000 / Root(00) para top(01)
Mensaje * / 24:00:00:000 / top(01) para e(03)
Mensaje Y / 24:00:00:000 / e(03) / out /      0.34273 para top(01)
Mensaje D / 24:00:00:000 / e(03) / ... para top(01)
Mensaje Y / 24:00:00:000 / top(01) / out2 /      0.34273 para Root(00)
Mensaje D / 24:00:00:000 / top(01) / ... para Root(00)
Mensaje X / 25:00:00:000 / Root(00) / in /     12.60000 para top(01)
Mensaje X / 25:00:00:000 / top(01) / in /     12.60000 para d(02)
Mensaje X / 25:00:00:000 / top(01) / in2 /     12.60000 para e(03)
Mensaje D / 25:00:00:000 / d(02) / 00:00:00:000 para top(01)
Mensaje D / 25:00:00:000 / e(03) / 00:00:00:000 para top(01)
Mensaje D / 25:00:00:000 / top(01) / 00:00:00:000 para Root(00)
Mensaje * / 25:00:00:000 / Root(00) para top(01)
Mensaje * / 25:00:00:000 / top(01) para d(02)
Mensaje D / 25:00:00:000 / d(02) / ... para top(01)
Mensaje D / 25:00:00:000 / top(01) / 00:00:00:000 para Root(00)
Mensaje * / 25:00:00:000 / Root(00) para top(01)
Mensaje * / 25:00:00:000 / top(01) para e(03)
Mensaje D / 25:00:00:000 / e(03) / ... para top(01)
Mensaje D / 25:00:00:000 / top(01) / ... para Root(00)
Mensaje X / 26:00:00:000 / Root(00) / in /     12.50000 para top(01)
Mensaje X / 26:00:00:000 / top(01) / in /     12.50000 para d(02)
Mensaje X / 26:00:00:000 / top(01) / in2 /     12.50000 para e(03)
Mensaje D / 26:00:00:000 / d(02) / 00:00:00:000 para top(01)
Mensaje D / 26:00:00:000 / e(03) / 00:00:00:000 para top(01)
Mensaje D / 26:00:00:000 / top(01) / 00:00:00:000 para Root(00)
Mensaje * / 26:00:00:000 / Root(00) para top(01)
Mensaje * / 26:00:00:000 / top(01) para d(02)
Mensaje D / 26:00:00:000 / d(02) / ... para top(01)
Mensaje D / 26:00:00:000 / top(01) / 00:00:00:000 para Root(00)
Mensaje * / 26:00:00:000 / Root(00) para top(01)
Mensaje * / 26:00:00:000 / top(01) para e(03)
Mensaje D / 26:00:00:000 / e(03) / ... para top(01)
Mensaje D / 26:00:00:000 / top(01) / ... para Root(00)
Mensaje X / 27:00:00:000 / Root(00) / in /     13.00000 para top(01)
Mensaje X / 27:00:00:000 / top(01) / in /     13.00000 para d(02)
Mensaje X / 27:00:00:000 / top(01) / in2 /     13.00000 para e(03)
Mensaje D / 27:00:00:000 / d(02) / 00:00:00:000 para top(01)
Mensaje D / 27:00:00:000 / e(03) / 00:00:00:000 para top(01)
Mensaje D / 27:00:00:000 / top(01) / 00:00:00:000 para Root(00)
Mensaje * / 27:00:00:000 / Root(00) para top(01)
Mensaje * / 27:00:00:000 / top(01) para d(02)
Mensaje D / 27:00:00:000 / d(02) / ... para top(01)
Mensaje D / 27:00:00:000 / top(01) / 00:00:00:000 para Root(00)
Mensaje * / 27:00:00:000 / Root(00) para top(01)
Mensaje * / 27:00:00:000 / top(01) para e(03)
Mensaje D / 27:00:00:000 / e(03) / ... para top(01)
Mensaje D / 27:00:00:000 / top(01) / ... para Root(00)
Mensaje X / 28:00:00:000 / Root(00) / in /     13.20000 para top(01)
Mensaje X / 28:00:00:000 / top(01) / in /     13.20000 para d(02)
Mensaje X / 28:00:00:000 / top(01) / in2 /     13.20000 para e(03)
Mensaje D / 28:00:00:000 / d(02) / 00:00:00:000 para top(01)
Mensaje D / 28:00:00:000 / e(03) / 00:00:00:000 para top(01)
Mensaje D / 28:00:00:000 / top(01) / 00:00:00:000 para Root(00)
Mensaje * / 28:00:00:000 / Root(00) para top(01)
Mensaje * / 28:00:00:000 / top(01) para d(02)
Mensaje D / 28:00:00:000 / d(02) / ... para top(01)
Mensaje D / 28:00:00:000 / top(01) / 00:00:00:000 para Root(00)
Mensaje * / 28:00:00:000 / Root(00) para top(01)
Mensaje * / 28:00:00:000 / top(01) para e(03)
Mensaje D / 28:00:00:000 / e(03) / ... para top(01)
Mensaje D / 28:00:00:000 / top(01) / ... para Root(00)
Mensaje X / 29:00:00:000 / Root(00) / in /     13.40000 para top(01)
Mensaje X / 29:00:00:000 / top(01) / in /     13.40000 para d(02)
Mensaje X / 29:00:00:000 / top(01) / in2 /     13.40000 para e(03)
Mensaje D / 29:00:00:000 / d(02) / 00:00:00:000 para top(01)
Mensaje D / 29:00:00:000 / e(03) / 00:00:00:000 para top(01)
Mensaje D / 29:00:00:000 / top(01) / 00:00:00:000 para Root(00)
Mensaje * / 29:00:00:000 / Root(00) para top(01)
Mensaje * / 29:00:00:000 / top(01) para d(02)
Mensaje D / 29:00:00:000 / d(02) / ... para top(01)
Mensaje D / 29:00:00:000 / top(01) / 00:00:00:000 para Root(00)
Mensaje * / 29:00:00:000 / Root(00) para top(01)
Mensaje * / 29:00:00:000 / top(01) para e(03)
Mensaje D / 29:00:00:000 / e(03) / ... para top(01)
Mensaje D / 29:00:00:000 / top(01) / ... para Root(00)
Mensaje X / 30:00:00:000 / Root(00) / in /     12.60000 para top(01)
Mensaje X / 30:00:00:000 / top(01) / in /     12.60000 para d(02)
Mensaje X / 30:00:00:000 / top(01) / in2 /     12.60000 para e(03)
Mensaje D / 30:00:00:000 / d(02) / 00:00:00:000 para top(01)
Mensaje D / 30:00:00:000 / e(03) / 00:00:00:000 para top(01)
Mensaje D / 30:00:00:000 / top(01) / 00:00:00:000 para Root(00)
Mensaje * / 30:00:00:000 / Root(00) para top(01)
Mensaje * / 30:00:00:000 / top(01) para d(02)
Mensaje D / 30:00:00:000 / d(02) / ... para top(01)
Mensaje D / 30:00:00:000 / top(01) / 00:00:00:000 para Root(00)
Mensaje * / 30:00:00:000 / Root(00) para top(01)
Mensaje * / 30:00:00:000 / top(01) para e(03)
Mensaje D / 30:00:00:000 / e(03) / ... para top(01)
Mensaje D / 30:00:00:000 / top(01) / ... para Root(00)
Mensaje X / 31:00:00:000 / Root(00) / in /     12.50000 para top(01)
Mensaje X / 31:00:00:000 / top(01) / in /     12.50000 para d(02)
Mensaje X / 31:00:00:000 / top(01) / in2 /     12.50000 para e(03)
Mensaje D / 31:00:00:000 / d(02) / 00:00:00:000 para top(01)
Mensaje D / 31:00:00:000 / e(03) / 00:00:00:000 para top(01)
Mensaje D / 31:00:00:000 / top(01) / 00:00:00:000 para Root(00)
Mensaje * / 31:00:00:000 / Root(00) para top(01)
Mensaje * / 31:00:00:000 / top(01) para d(02)
Mensaje D / 31:00:00:000 / d(02) / ... para top(01)
Mensaje D / 31:00:00:000 / top(01) / 00:00:00:000 para Root(00)
Mensaje * / 31:00:00:000 / Root(00) para top(01)
Mensaje * / 31:00:00:000 / top(01) para e(03)
Mensaje D / 31:00:00:000 / e(03) / ... para top(01)
Mensaje D / 31:00:00:000 / top(01) / ... para Root(00)
Mensaje X / 32:00:00:000 / Root(00) / in /     13.00000 para top(01)
Mensaje X / 32:00:00:000 / top(01) / in /     13.00000 para d(02)
Mensaje X / 32:00:00:000 / top(01) / in2 /     13.00000 para e(03)
Mensaje D / 32:00:00:000 / d(02) / 00:00:00:000 para top(01)
Mensaje D / 32:00:00:000 / e(03) / 00:00:00:000 para top(01)
Mensaje D / 32:00:00:000 / top(01) / 00:00:00:000 para Root(00)
Mensaje * / 32:00:00:000 / Root(00) para top(01)
Mensaje * / 32:00:00:000 / top(01) para d(02)
Mensaje D / 32:00:00:000 / d(02) / ... para top(01)
Mensaje D / 32:00:00:000 / top(01) / 00:00:00:000 para Root(00)
Mensaje * / 32:00:00:000 / Root(00) para top(01)
Mensaje * / 32:00:00:000 / top(01) para e(03)
Mensaje D / 32:00:00:000 / e(03) / ... para top(01)
Mensaje D / 32:00:00:000 / top(01) / ... para Root(00)
Mensaje X / 33:00:00:000 / Root(00) / in /     13.20000 para top(01)
Mensaje X / 33:00:00:000 / top(01) / in /     13.20000 para d(02)
Mensaje X / 33:00:00:000 / top(01) / in2 /     13.20000 para e(03)
Mensaje D / 33:00:00:000 / d(02) / 00:00:00:000 para top(01)
Mensaje D / 33:00:00:000 / e(03) / 00:00:00:000 para top(01)
Mensaje D / 33:00:00:000 / top(01) / 00:00:00:000 para Root(00)
Mensaje * / 33:00:00:000 / Root(00) para top(01)
Mensaje * / 33:00:00:000 / top(01) para d(02)
Mensaje D / 33:00:00:000 / d(02) / ... para top(01)
Mensaje D / 33:00:00:000 / top(01) / 00:00:00:000 para Root(00)
Mensaje * / 33:00:00:000 / Root(00) para top(01)
Mensaje * / 33:00:00:000 / top(01) para e(03)
Mensaje D / 33:00:00:000 / e(03) / ... para top(01)
Mensaje D / 33:00:00:000 / top(01) / ... para Root(00)
Mensaje X / 34:00:00:000 / Root(00) / in /     13.40000 para top(01)
Mensaje X / 34:00:00:000 / top(01) / in /     13.40000 para d(02)
Mensaje X / 34:00:00:000 / top(01) / in2 /     13.40000 para e(03)
Mensaje D / 34:00:00:000 / d(02) / 00:00:00:000 para top(01)
Mensaje D / 34:00:00:000 / e(03) / 00:00:00:000 para top(01)
Mensaje D / 34:00:00:000 / top(01) / 00:00:00:000 para Root(00)
Mensaje * / 34:00:00:000 / Root(00) para top(01)
Mensaje * / 34:00:00:000 / top(01) para d(02)
Mensaje D / 34:00:00:000 / d(02) / ... para top(01)
Mensaje D / 34:00:00:000 / top(01) / 00:00:00:000 para Root(00)
Mensaje * / 34:00:00:000 / Root(00) para top(01)
Mensaje * / 34:00:00:000 / top(01) para e(03)
Mensaje D / 34:00:00:000 / e(03) / ... para top(01)
Mensaje D / 34:00:00:000 / top(01) / ... para Root(00)
Mensaje X / 35:00:00:000 / Root(00) / in /     12.60000 para top(01)
Mensaje X / 35:00:00:000 / top(01) / in /     12.60000 para d(02)
Mensaje X / 35:00:00:000 / top(01) / in2 /     12.60000 para e(03)
Mensaje D / 35:00:00:000 / d(02) / 00:00:00:000 para top(01)
Mensaje D / 35:00:00:000 / e(03) / 00:00:00:000 para top(01)
Mensaje D / 35:00:00:000 / top(01) / 00:00:00:000 para Root(00)
Mensaje * / 35:00:00:000 / Root(00) para top(01)
Mensaje * / 35:00:00:000 / top(01) para d(02)
Mensaje D / 35:00:00:000 / d(02) / ... para top(01)
Mensaje D / 35:00:00:000 / top(01) / 00:00:00:000 para Root(00)
Mensaje * / 35:00:00:000 / Root(00) para top(01)
Mensaje * / 35:00:00:000 / top(01) para e(03)
Mensaje D / 35:00:00:000 / e(03) / ... para top(01)
Mensaje D / 35:00:00:000 / top(01) / ... para Root(00)
Mensaje X / 36:00:00:000 / Root(00) / in /     12.50000 para top(01)
Mensaje X / 36:00:00:000 / top(01) / in /     12.50000 para d(02)
Mensaje X / 36:00:00:000 / top(01) / in2 /     12.50000 para e(03)
Mensaje D / 36:00:00:000 / d(02) / 00:00:00:000 para top(01)
Mensaje D / 36:00:00:000 / e(03) / 00:00:00:000 para top(01)
Mensaje D / 36:00:00:000 / top(01) / 00:00:00:000 para Root(00)
Mensaje * / 36:00:00:000 / Root(00) para top(01)
Mensaje * / 36:00:00:000 / top(01) para d(02)
Mensaje D / 36:00:00:000 / d(02) / ... para top(01)
Mensaje D / 36:00:00:000 / top(01) / 00:00:00:000 para Root(00)
Mensaje * / 36:00:00:000 / Root(00) para top(01)
Mensaje * / 36:00:00:000 / top(01) para e(03)
Mensaje D / 36:00:00:000 / e(03) / ... para top(01)
Mensaje D / 36:00:00:000 / top(01) / ... para Root(00)
Mensaje X / 37:00:00:000 / Root(00) / in /     13.00000 para top(01)
Mensaje X / 37:00:00:000 / top(01) / in /     13.00000 para d(02)
Mensaje X / 37:00:00:000 / top(01) / in2 /     13.00000 para e(03)
Mensaje D / 37:00:00:000 / d(02) / 00:00:00:000 para top(01)
Mensaje D / 37:00:00:000 / e(03) / 00:00:00:000 para top(01)
Mensaje D / 37:00:00:000 / top(01) / 00:00:00:000 para Root(00)
Mensaje * / 37:00:00:000 / Root(00) para top(01)
Mensaje * / 37:00:00:000 / top(01) para d(02)
Mensaje D / 37:00:00:000 / d(02) / ... para top(01)
Mensaje D / 37:00:00:000 / top(01) / 00:00:00:000 para Root(00)
Mensaje * / 37:00:00:000 / Root(00) para top(01)
Mensaje * / 37:00:00:000 / top(01) para e(03)
Mensaje D / 37:00:00:000 / e(03) / ... para top(01)
Mensaje D / 37:00:00:000 / top(01) / ... para Root(00)
Mensaje X / 38:00:00:000 / Root(00) / in /     13.20000 para top(01)
Mensaje X / 38:00:00:000 / top(01) / in /     13.20000 para d(02)
Mensaje X / 38:00:00:000 / top(01) / in2 /     13.20000 para e(03)
Mensaje D / 38:00:00:000 / d(02) / 00:00:00:000 para top(01)
Mensaje D / 38:00:00:000 / e(03) / 00:00:00:000 para top(01)
Mensaje D / 38:00:00:000 / top(01) / 00:00:00:000 para Root(00)
Mensaje * / 38:00:00:000 / Root(00) para top(01)
Mensaje * / 38:00:00:000 / top(01) para d(02)
Mensaje D / 38:00:00:000 / d(02) / ... para top(01)
Mensaje D / 38:00:00:000 / top(01) / 00:00:00:000 para Root(00)
Mensaje * / 38:00:00:000 / Root(00) para top(01)
Mensaje * / 38:00:00:000 / top(01) para e(03)
Mensaje D / 38:00:00:000 / e(03) / ... para top(01)
Mensaje D / 38:00:00:000 / top(01) / ... para Root(00)
Mensaje X / 39:00:00:000 / Root(00) / in /     13.40000 para top(01)
Mensaje X / 39:00:00:000 / top(01) / in /     13.40000 para d(02)
Mensaje X / 39:00:00:000 / top(01) / in2 /     13.40000 para e(03)
Mensaje D / 39:00:00:000 / d(02) / 00:00:00:000 para top(01)
Mensaje D / 39:00:00:000 / e(03) / 00:00:00:000 para top(01)
Mensaje D / 39:00:00:000 / top(01) / 00:00:00:000 para Root(00)
Mensaje * / 39:00:00:000 / Root(00) para top(01)
Mensaje * / 39:00:00:000 / top(01) para d(02)
Mensaje D / 39:00:00:000 / d(02) / ... para top(01)
Mensaje D / 39:00:00:000 / top(01) / 00:00:00:000 para Root(00)
Mensaje * / 39:00:00:000 / Root(00) para top(01)
Mensaje * / 39:00:00:000 / top(01) para e(03)
Mensaje D / 39:00:00:000 / e(03) / ... para top(01)
Mensaje D / 39:00:00:000 / top(01) / ... para Root(00)
Mensaje X / 40:00:00:000 / Root(00) / in /     12.60000 para top(01)
Mensaje X / 40:00:00:000 / top(01) / in /     12.60000 para d(02)
Mensaje X / 40:00:00:000 / top(01) / in2 /     12.60000 para e(03)
Mensaje D / 40:00:00:000 / d(02) / 00:00:00:000 para top(01)
Mensaje D / 40:00:00:000 / e(03) / 00:00:00:000 para top(01)
Mensaje D / 40:00:00:000 / top(01) / 00:00:00:000 para Root(00)
Mensaje * / 40:00:00:000 / Root(00) para top(01)
Mensaje * / 40:00:00:000 / top(01) para d(02)
Mensaje D / 40:00:00:000 / d(02) / ... para top(01)
Mensaje D / 40:00:00:000 / top(01) / 00:00:00:000 para Root(00)
Mensaje * / 40:00:00:000 / Root(00) para top(01)
Mensaje * / 40:00:00:000 / top(01) para e(03)
Mensaje D / 40:00:00:000 / e(03) / ... para top(01)
Mensaje D / 40:00:00:000 / top(01) / ... para Root(00)
Mensaje X / 41:00:00:000 / Root(00) / in /     12.50000 para top(01)
Mensaje X / 41:00:00:000 / top(01) / in /     12.50000 para d(02)
Mensaje X / 41:00:00:000 / top(01) / in2 /     12.50000 para e(03)
Mensaje D / 41:00:00:000 / d(02) / 00:00:00:000 para top(01)
Mensaje D / 41:00:00:000 / e(03) / 00:00:00:000 para top(01)
Mensaje D / 41:00:00:000 / top(01) / 00:00:00:000 para Root(00)
Mensaje * / 41:00:00:000 / Root(00) para top(01)
Mensaje * / 41:00:00:000 / top(01) para d(02)
Mensaje D / 41:00:00:000 / d(02) / ... para top(01)
Mensaje D / 41:00:00:000 / top(01) / 00:00:00:000 para Root(00)
Mensaje * / 41:00:00:000 / Root(00) para top(01)
Mensaje * / 41:00:00:000 / top(01) para e(03)
Mensaje D / 41:00:00:000 / e(03) / ... para top(01)
Mensaje D / 41:00:00:000 / top(01) / ... para Root(00)
Mensaje X / 42:00:00:000 / Root(00) / in /     13.00000 para top(01)
Mensaje X / 42:00:00:000 / top(01) / in /     13.00000 para d(02)
Mensaje X / 42:00:00:000 / top(01) / in2 /     13.00000 para e(03)
Mensaje D / 42:00:00:000 / d(02) / 00:00:00:000 para top(01)
Mensaje D / 42:00:00:000 / e(03) / 00:00:00:000 para top(01)
Mensaje D / 42:00:00:000 / top(01) / 00:00:00:000 para Root(00)
Mensaje * / 42:00:00:000 / Root(00) para top(01)
Mensaje * / 42:00:00:000 / top(01) para d(02)
Mensaje D / 42:00:00:000 / d(02) / ... para top(01)
Mensaje D / 42:00:00:000 / top(01) / 00:00:00:000 para Root(00)
Mensaje * / 42:00:00:000 / Root(00) para top(01)
Mensaje * / 42:00:00:000 / top(01) para e(03)
Mensaje D / 42:00:00:000 / e(03) / ... para top(01)
Mensaje D / 42:00:00:000 / top(01) / ... para Root(00)
Mensaje X / 43:00:00:000 / Root(00) / in /     13.20000 para top(01)
Mensaje X / 43:00:00:000 / top(01) / in /     13.20000 para d(02)
Mensaje X / 43:00:00:000 / top(01) / in2 /     13.20000 para e(03)
Mensaje D / 43:00:00:000 / d(02) / 00:00:00:000 para top(01)
Mensaje D / 43:00:00:000 / e(03) / 00:00:00:000 para top(01)
Mensaje D / 43:00:00:000 / top(01) / 00:00:00:000 para Root(00)
Mensaje * / 43:00:00:000 / Root(00) para top(01)
Mensaje * / 43:00:00:000 / top(01) para d(02)
Mensaje D / 43:00:00:000 / d(02) / ... para top(01)
Mensaje D / 43:00:00:000 / top(01) / 00:00:00:000 para Root(00)
Mensaje * / 43:00:00:000 / Root(00) para top(01)
Mensaje * / 43:00:00:000 / top(01) para e(03)
Mensaje D / 43:00:00:000 / e(03) / ... para top(01)
Mensaje D / 43:00:00:000 / top(01) / ... para Root(00)
Mensaje X / 44:00:00:000 / Root(00) / in /     13.40000 para top(01)
Mensaje X / 44:00:00:000 / top(01) / in /     13.40000 para d(02)
Mensaje X / 44:00:00:000 / top(01) / in2 /     13.40000 para e(03)
Mensaje D / 44:00:00:000 / d(02) / 00:00:00:000 para top(01)
Mensaje D / 44:00:00:000 / e(03) / 00:00:00:000 para top(01)
Mensaje D / 44:00:00:000 / top(01) / 00:00:00:000 para Root(00)
Mensaje * / 44:00:00:000 / Root(00) para top(01)
Mensaje * / 44:00:00:000 / top(01) para d(02)
Mensaje D / 44:00:00:000 / d(02) / ... para top(01)
Mensaje D / 44:00:00:000 / top(01) / 00:00:00:000 para Root(00)
Mensaje * / 44:00:00:000 / Root(00) para top(01)
Mensaje * / 44:00:00:000 / top(01) para e(03)
Mensaje D / 44:00:00:000 / e(03) / ... para top(01)
Mensaje D / 44:00:00:000 / top(01) / ... para Root(00)
Mensaje X / 45:00:00:000 / Root(00) / in /     12.60000 para top(01)
Mensaje X / 45:00:00:000 / top(01) / in /     12.60000 para d(02)
Mensaje X / 45:00:00:000 / top(01) / in2 /     12.60000 para e(03)
Mensaje D / 45:00:00:000 / d(02) / 00:00:00:000 para top(01)
Mensaje D / 45:00:00:000 / e(03) / 00:00:00:000 para top(01)
Mensaje D / 45:00:00:000 / top(01) / 00:00:00:000 para Root(00)
Mensaje * / 45:00:00:000 / Root(00) para top(01)
Mensaje * / 45:00:00:000 / top(01) para d(02)
Mensaje D / 45:00:00:000 / d(02) / ... para top(01)
Mensaje D / 45:00:00:000 / top(01) / 00:00:00:000 para Root(00)
Mensaje * / 45:00:00:000 / Root(00) para top(01)
Mensaje * / 45:00:00:000 / top(01) para e(03)
Mensaje D / 45:00:00:000 / e(03) / ... para top(01)
Mensaje D / 45:00:00:000 / top(01) / ... para Root(00)
Mensaje X / 46:00:00:000 / Root(00) / in /     12.50000 para top(01)
Mensaje X / 46:00:00:000 / top(01) / in /     12.50000 para d(02)
Mensaje X / 46:00:00:000 / top(01) / in2 /     12.50000 para e(03)
Mensaje D / 46:00:00:000 / d(02) / 00:00:00:000 para top(01)
Mensaje D / 46:00:00:000 / e(03) / 00:00:00:000 para top(01)
Mensaje D / 46:00:00:000 / top(01) / 00:00:00:000 para Root(00)
Mensaje * / 46:00:00:000 / Root(00) para top(01)
Mensaje * / 46:00:00:000 / top(01) para d(02)
Mensaje D / 46:00:00:000 / d(02) / ... para top(01)
Mensaje D / 46:00:00:000 / top(01) / 00:00:00:000 para Root(00)
Mensaje * / 46:00:00:000 / Root(00) para top(01)
Mensaje * / 46:00:00:000 / top(01) para e(03)
Mensaje D / 46:00:00:000 / e(03) / ... para top(01)
Mensaje D / 46:00:00:000 / top(01) / ... para Root(00)
Mensaje X / 47:00:00:000 / Root(00) / in /     13.00000 para top(01)
Mensaje X / 47:00:00:000 / top(01) / in /     13.00000 para d(02)
Mensaje X / 47:00:00:000 / top(01) / in2 /     13.00000 para e(03)
Mensaje D / 47:00:00:000 / d(02) / 00:00:00:000 para top(01)
Mensaje D / 47:00:00:000 / e(03) / 00:00:00:000 para top(01)
Mensaje D / 47:00:00:000 / top(01) / 00:00:00:000 para Root(00)
Mensaje * / 47:00:00:000 / Root(00) para top(01)
Mensaje * / 47:00:00:000 / top(01) para d(02)
Mensaje D / 47:00:00:000 / d(02) / ... para top(01)
Mensaje D / 47:00:00:000 / top(01) / 00:00:00:000 para Root(00)
Mensaje * / 47:00:00:000 / Root(00) para top(01)
Mensaje * / 47:00:00:000 / top(01) para e(03)
Mensaje D / 47:00:00:000 / e(03) / ... para top(01)
Mensaje D / 47:00:00:000 / top(01) / ... para Root(00)
Mensaje X / 48:00:00:000 / Root(00) / in /     13.20000 para top(01)
Mensaje X / 48:00:00:000 / top(01) / in /     13.20000 para d(02)
Mensaje X / 48:00:00:000 / top(01) / in2 /     13.20000 para e(03)
Mensaje D / 48:00:00:000 / d(02) / 00:00:00:000 para top(01)
Mensaje D / 48:00:00:000 / e(03) / 00:00:00:000 para top(01)
Mensaje D / 48:00:00:000 / top(01) / 00:00:00:000 para Root(00)
Mensaje * / 48:00:00:000 / Root(00) para top(01)
Mensaje * / 48:00:00:000 / top(01) para d(02)
Mensaje Y / 48:00:00:000 / d(02) / out /     12.92083 para top(01)
Mensaje D / 48:00:00:000 / d(02) / ... para top(01)
Mensaje Y / 48:00:00:000 / top(01) / out1 /     12.92083 para Root(00)
Mensaje X / 48:00:00:000 / top(01) / in1 /     12.92083 para e(03)
Mensaje D / 48:00:00:000 / e(03) / 00:00:00:000 para top(01)
Mensaje D / 48:00:00:000 / top(01) / 00:00:00:000 para Root(00)
Mensaje * / 48:00:00:000 / Root(00) para top(01)
Mensaje * / 48:00:00:000 / top(01) para e(03)
Mensaje Y / 48:00:00:000 / e(03) / out /      0.35696 para top(01)
Mensaje D / 48:00:00:000 / e(03) / ... para top(01)
Mensaje Y / 48:00:00:000 / top(01) / out2 /      0.35696 para Root(00)
Mensaje D / 48:00:00:000 / top(01) / ... para Root(00)
