Mensaje I / 00:00:00:000 / Root(00) para top(01)
Mensaje I / 00:00:00:000 / top(01) para time(02)
Mensaje D / 00:00:00:000 / time(02) / 00:00:00:000 para top(01)
Mensaje D / 00:00:00:000 / top(01) / 00:00:00:000 para Root(00)
Mensaje * / 00:00:00:000 / Root(00) para top(01)
Mensaje * / 00:00:00:000 / top(01) para time(02)
Mensaje D / 00:00:00:000 / time(02) / ... para top(01)
Mensaje D / 00:00:00:000 / top(01) / ... para Root(00)
Mensaje X / 00:00:01:000 / Root(00) / in /      1.00000 para top(01)
Mensaje X / 00:00:01:000 / top(01) / in /      1.00000 para time(02)
Mensaje D / 00:00:01:000 / time(02) / 00:00:59:000 para top(01)
Mensaje D / 00:00:01:000 / top(01) / 00:00:59:000 para Root(00)
Mensaje X / 00:00:05:000 / Root(00) / in /      1.00000 para top(01)
Mensaje X / 00:00:05:000 / top(01) / in /      1.00000 para time(02)
Mensaje D / 00:00:05:000 / time(02) / 00:00:55:000 para top(01)
Mensaje D / 00:00:05:000 / top(01) / 00:00:55:000 para Root(00)
Mensaje X / 00:00:09:000 / Root(00) / in /      1.00000 para top(01)
Mensaje X / 00:00:09:000 / top(01) / in /      1.00000 para time(02)
Mensaje D / 00:00:09:000 / time(02) / 00:00:51:000 para top(01)
Mensaje D / 00:00:09:000 / top(01) / 00:00:51:000 para Root(00)
Mensaje * / 00:01:00:000 / Root(00) para top(01)
Mensaje * / 00:01:00:000 / top(01) para time(02)
Mensaje Y / 00:01:00:000 / time(02) / out /      1.00000 para top(01)
Mensaje D / 00:01:00:000 / time(02) / ... para top(01)
Mensaje Y / 00:01:00:000 / top(01) / out /      1.00000 para Root(00)
Mensaje D / 00:01:00:000 / top(01) / ... para Root(00)
Mensaje X / 00:01:01:000 / Root(00) / in /      1.00000 para top(01)
Mensaje X / 00:01:01:000 / top(01) / in /      1.00000 para time(02)
Mensaje D / 00:01:01:000 / time(02) / 00:00:59:000 para top(01)
Mensaje D / 00:01:01:000 / top(01) / 00:00:59:000 para Root(00)
Mensaje * / 00:02:00:000 / Root(00) para top(01)
Mensaje * / 00:02:00:000 / top(01) para time(02)
Mensaje Y / 00:02:00:000 / time(02) / out /      1.00000 para top(01)
Mensaje D / 00:02:00:000 / time(02) / ... para top(01)
Mensaje Y / 00:02:00:000 / top(01) / out /      1.00000 para Root(00)
Mensaje D / 00:02:00:000 / top(01) / ... para Root(00)
Mensaje X / 00:02:01:000 / Root(00) / in /      1.00000 para top(01)
Mensaje X / 00:02:01:000 / top(01) / in /      1.00000 para time(02)
Mensaje D / 00:02:01:000 / time(02) / 00:00:59:000 para top(01)
Mensaje D / 00:02:01:000 / top(01) / 00:00:59:000 para Root(00)
Mensaje * / 00:03:00:000 / Root(00) para top(01)
Mensaje * / 00:03:00:000 / top(01) para time(02)
Mensaje Y / 00:03:00:000 / time(02) / out /      1.00000 para top(01)
Mensaje D / 00:03:00:000 / time(02) / ... para top(01)
Mensaje Y / 00:03:00:000 / top(01) / out /      1.00000 para Root(00)
Mensaje D / 00:03:00:000 / top(01) / ... para Root(00)
Mensaje X / 00:03:01:000 / Root(00) / in /      1.00000 para top(01)
Mensaje X / 00:03:01:000 / top(01) / in /      1.00000 para time(02)
Mensaje D / 00:03:01:000 / time(02) / 00:00:59:000 para top(01)
Mensaje D / 00:03:01:000 / top(01) / 00:00:59:000 para Root(00)
Mensaje * / 00:04:00:000 / Root(00) para top(01)
Mensaje * / 00:04:00:000 / top(01) para time(02)
Mensaje Y / 00:04:00:000 / time(02) / out /      1.00000 para top(01)
Mensaje D / 00:04:00:000 / time(02) / ... para top(01)
Mensaje Y / 00:04:00:000 / top(01) / out /      1.00000 para Root(00)
Mensaje D / 00:04:00:000 / top(01) / ... para Root(00)
Mensaje X / 00:04:01:000 / Root(00) / in /      1.00000 para top(01)
Mensaje X / 00:04:01:000 / top(01) / in /      1.00000 para time(02)
Mensaje D / 00:04:01:000 / time(02) / 00:00:59:000 para top(01)
Mensaje D / 00:04:01:000 / top(01) / 00:00:59:000 para Root(00)
Mensaje * / 00:05:00:000 / Root(00) para top(01)
Mensaje * / 00:05:00:000 / top(01) para time(02)
Mensaje Y / 00:05:00:000 / time(02) / out /      1.00000 para top(01)
Mensaje D / 00:05:00:000 / time(02) / ... para top(01)
Mensaje Y / 00:05:00:000 / top(01) / out /      1.00000 para Root(00)
Mensaje D / 00:05:00:000 / top(01) / ... para Root(00)
Mensaje X / 00:05:01:000 / Root(00) / in /      1.00000 para top(01)
Mensaje X / 00:05:01:000 / top(01) / in /      1.00000 para time(02)
Mensaje D / 00:05:01:000 / time(02) / 00:00:59:000 para top(01)
Mensaje D / 00:05:01:000 / top(01) / 00:00:59:000 para Root(00)
Mensaje * / 00:06:00:000 / Root(00) para top(01)
Mensaje * / 00:06:00:000 / top(01) para time(02)
Mensaje Y / 00:06:00:000 / time(02) / out /      1.00000 para top(01)
Mensaje D / 00:06:00:000 / time(02) / ... para top(01)
Mensaje Y / 00:06:00:000 / top(01) / out /      1.00000 para Root(00)
Mensaje D / 00:06:00:000 / top(01) / ... para Root(00)
